   1              	 .cpu cortex-m4
   2              	 .arch armv7e-m
   3              	 .fpu softvfp
   4              	 .eabi_attribute 20,1
   5              	 .eabi_attribute 21,1
   6              	 .eabi_attribute 23,3
   7              	 .eabi_attribute 24,1
   8              	 .eabi_attribute 25,1
   9              	 .eabi_attribute 26,1
  10              	 .eabi_attribute 30,4
  11              	 .eabi_attribute 34,1
  12              	 .eabi_attribute 18,4
  13              	 .file "verify.c"
  14              	 .text
  15              	.Ltext0:
  16              	 .cfi_sections .debug_frame
  17              	 .file 1 "verify.c"
  18              	 .section .text.crypto_kem_kyber1024_ref_verify,"ax",%progbits
  19              	 .align 1
  20              	 .global crypto_kem_kyber1024_ref_verify
  21              	 .syntax unified
  22              	 .thumb
  23              	 .thumb_func
  25              	crypto_kem_kyber1024_ref_verify:
  26              	.LVL0:
  27              	.LFB0:
   1:verify.c      **** #include <stddef.h>
   2:verify.c      **** #include <stdint.h>
   3:verify.c      **** #include "verify.h"
   4:verify.c      **** 
   5:verify.c      **** /*************************************************
   6:verify.c      **** * Name:        verify
   7:verify.c      **** *
   8:verify.c      **** * Description: Compare two arrays for equality in constant time.
   9:verify.c      **** *
  10:verify.c      **** * Arguments:   const uint8_t *a: pointer to first byte array
  11:verify.c      **** *              const uint8_t *b: pointer to second byte array
  12:verify.c      **** *              size_t len:       length of the byte arrays
  13:verify.c      **** *
  14:verify.c      **** * Returns 0 if the byte arrays are equal, 1 otherwise
  15:verify.c      **** **************************************************/
  16:verify.c      **** int verify(const uint8_t *a, const uint8_t *b, size_t len)
  17:verify.c      **** {
  28              	 .loc 1 17 1 view-0
  29              	 .cfi_startproc
  30              	 
  31              	 
  18:verify.c      ****   size_t i;
  32              	 .loc 1 18 3 view .LVU1
  19:verify.c      ****   uint8_t r = 0;
  33              	 .loc 1 19 3 view .LVU2
  20:verify.c      **** 
  21:verify.c      ****   for(i=0;i<len;i++)
  34              	 .loc 1 21 3 view .LVU3
  19:verify.c      ****   uint8_t r = 0;
  35              	 .loc 1 19 11 is_stmt 0 view .LVU4
  36 0000 0023     	 movs r3,#0
  17:verify.c      ****   size_t i;
  37              	 .loc 1 17 1 view .LVU5
  38 0002 70B5     	 push {r4,r5,r6,lr}
  39              	.LCFI0:
  40              	 .cfi_def_cfa_offset 16
  41              	 .cfi_offset 4,-16
  42              	 .cfi_offset 5,-12
  43              	 .cfi_offset 6,-8
  44              	 .cfi_offset 14,-4
  45              	 .loc 1 21 8 view .LVU6
  46 0004 1C46     	 mov r4,r3
  47              	.LVL1:
  48              	.L2:
  49              	 .loc 1 21 12 is_stmt 1 discriminator 1 view .LVU7
  50 0006 9442     	 cmp r4,r2
  51 0008 04D1     	 bne .L3
  22:verify.c      ****     r |= a[i] ^ b[i];
  23:verify.c      **** 
  24:verify.c      ****   return (-(uint64_t)r) >> 63;
  52              	 .loc 1 24 3 view .LVU8
  53              	 .loc 1 24 11 is_stmt 0 view .LVU9
  54 000a 5B42     	 negs r3,r3
  55              	.LVL2:
  56              	 .loc 1 24 11 view .LVU10
  57 000c 60EB0000 	 sbc r0,r0,r0
  58              	.LVL3:
  25:verify.c      **** }
  59              	 .loc 1 25 1 view .LVU11
  60 0010 C00F     	 lsrs r0,r0,#31
  61 0012 70BD     	 pop {r4,r5,r6,pc}
  62              	.LVL4:
  63              	.L3:
  22:verify.c      ****     r |= a[i] ^ b[i];
  64              	 .loc 1 22 5 is_stmt 1 view .LVU12
  22:verify.c      ****     r |= a[i] ^ b[i];
  65              	 .loc 1 22 7 is_stmt 0 view .LVU13
  66 0014 055D     	 ldrb r5,[r0,r4]
  67 0016 0E5D     	 ldrb r6,[r1,r4]
  68 0018 7540     	 eors r5,r5,r6
  69 001a 2B43     	 orrs r3,r3,r5
  70              	.LVL5:
  21:verify.c      ****     r |= a[i] ^ b[i];
  71              	 .loc 1 21 18 is_stmt 1 discriminator 3 view .LVU14
  72 001c 0134     	 adds r4,r4,#1
  73              	.LVL6:
  21:verify.c      ****     r |= a[i] ^ b[i];
  74              	 .loc 1 21 18 is_stmt 0 discriminator 3 view .LVU15
  75 001e F2E7     	 b .L2
  76              	 .cfi_endproc
  77              	.LFE0:
  79              	 .section .text.crypto_kem_kyber1024_ref_cmov,"ax",%progbits
  80              	 .align 1
  81              	 .global crypto_kem_kyber1024_ref_cmov
  82              	 .syntax unified
  83              	 .thumb
  84              	 .thumb_func
  86              	crypto_kem_kyber1024_ref_cmov:
  87              	.LVL7:
  88              	.LFB1:
  26:verify.c      **** 
  27:verify.c      **** /*************************************************
  28:verify.c      **** * Name:        cmov
  29:verify.c      **** *
  30:verify.c      **** * Description: Copy len bytes from x to r if b is 1;
  31:verify.c      **** *              don't modify x if b is 0. Requires b to be in {0,1};
  32:verify.c      **** *              assumes two's complement representation of negative integers.
  33:verify.c      **** *              Runs in constant time.
  34:verify.c      **** *
  35:verify.c      **** * Arguments:   uint8_t *r:       pointer to output byte array
  36:verify.c      **** *              const uint8_t *x: pointer to input byte array
  37:verify.c      **** *              size_t len:       Amount of bytes to be copied
  38:verify.c      **** *              uint8_t b:        Condition bit; has to be in {0,1}
  39:verify.c      **** **************************************************/
  40:verify.c      **** void cmov(uint8_t *r, const uint8_t *x, size_t len, uint8_t b)
  41:verify.c      **** {
  89              	 .loc 1 41 1 is_stmt 1 view-0
  90              	 .cfi_startproc
  91              	 
  92              	 
  42:verify.c      ****   size_t i;
  93              	 .loc 1 42 3 view .LVU17
  43:verify.c      **** 
  44:verify.c      ****   b = -b;
  94              	 .loc 1 44 3 view .LVU18
  41:verify.c      ****   size_t i;
  95              	 .loc 1 41 1 is_stmt 0 view .LVU19
  96 0000 30B5     	 push {r4,r5,lr}
  97              	.LCFI1:
  98              	 .cfi_def_cfa_offset 12
  99              	 .cfi_offset 4,-12
 100              	 .cfi_offset 5,-8
 101              	 .cfi_offset 14,-4
 102              	 .loc 1 44 5 view .LVU20
 103 0002 5B42     	 rsbs r3,r3,#0
 104              	.LVL8:
 105              	 .loc 1 44 5 view .LVU21
 106 0004 DBB2     	 uxtb r3,r3
 107              	.LVL9:
  45:verify.c      ****   for(i=0;i<len;i++)
 108              	 .loc 1 45 3 is_stmt 1 view .LVU22
 109              	 .loc 1 45 3 is_stmt 0 view .LVU23
 110 0006 0139     	 subs r1,r1,#1
 111              	.LVL10:
 112              	 .loc 1 45 3 view .LVU24
 113 0008 0244     	 add r2,r2,r0
 114              	.LVL11:
 115              	.L5:
 116              	 .loc 1 45 12 is_stmt 1 discriminator 1 view .LVU25
 117 000a 9042     	 cmp r0,r2
 118 000c 00D1     	 bne .L6
  46:verify.c      ****     r[i] ^= b & (r[i] ^ x[i]);
  47:verify.c      **** }
 119              	 .loc 1 47 1 is_stmt 0 view .LVU26
 120 000e 30BD     	 pop {r4,r5,pc}
 121              	.L6:
  46:verify.c      ****     r[i] ^= b & (r[i] ^ x[i]);
 122              	 .loc 1 46 5 is_stmt 1 view .LVU27
  46:verify.c      ****     r[i] ^= b & (r[i] ^ x[i]);
 123              	 .loc 1 46 6 is_stmt 0 view .LVU28
 124 0010 0578     	 ldrb r5,[r0]
  46:verify.c      ****     r[i] ^= b & (r[i] ^ x[i]);
 125              	 .loc 1 46 10 view .LVU29
 126 0012 11F8014F 	 ldrb r4,[r1,#1]!
 127 0016 6C40     	 eors r4,r4,r5
 128 0018 1C40     	 ands r4,r4,r3
 129 001a 6540     	 eors r5,r5,r4
 130 001c 00F8015B 	 strb r5,[r0],#1
 131              	.LVL12:
  45:verify.c      ****   for(i=0;i<len;i++)
 132              	 .loc 1 45 18 is_stmt 1 discriminator 3 view .LVU30
 133 0020 F3E7     	 b .L5
 134              	 .cfi_endproc
 135              	.LFE1:
 137              	 .text
 138              	.Letext0:
 139              	 .file 2 "/usr/lib/gcc/arm-none-eabi/14.2.1/include/stddef.h"
 140              	 .file 3 "/usr/lib/gcc/arm-none-eabi/14.2.1/include/stdint.h"
DEFINED SYMBOLS
                            *ABS*:00000000 verify.c
    {standard input}:19     .text.crypto_kem_kyber1024_ref_verify:00000000 $t
    {standard input}:25     .text.crypto_kem_kyber1024_ref_verify:00000000 crypto_kem_kyber1024_ref_verify
    {standard input}:80     .text.crypto_kem_kyber1024_ref_cmov:00000000 $t
    {standard input}:86     .text.crypto_kem_kyber1024_ref_cmov:00000000 crypto_kem_kyber1024_ref_cmov
                           .group:00000000 wm4.0.9f3a4c6b5812d20634d55e39ed31011a
                           .group:00000000 wm4.stddef.h.39.38eb7ec030421799c657b13be5aa21c7
                           .group:00000000 wm4.stdint.h.29.6d480f4ba0f60596e88234283d42444f
                           .group:00000000 wm4.params.h.2.424e8b69daf74be3d402b39ff8b011f8
                           .group:00000000 wm4.verify.h.8.5d6d2a22ef05d0cb6503b8b5945efec7

NO UNDEFINED SYMBOLS
