   1              		.cpu cortex-m4
   2              		.arch armv7e-m
   3              		.fpu softvfp
   4              		.eabi_attribute 20, 1
   5              		.eabi_attribute 21, 1
   6              		.eabi_attribute 23, 3
   7              		.eabi_attribute 24, 1
   8              		.eabi_attribute 25, 1
   9              		.eabi_attribute 26, 1
  10              		.eabi_attribute 30, 4
  11              		.eabi_attribute 34, 1
  12              		.eabi_attribute 18, 4
  13              		.file	"polyvec.c"
  14              		.text
  15              	.Ltext0:
  16              		.cfi_sections	.debug_frame
  17              		.file 1 "polyvec.c"
  18              		.section	.text.PQCLEAN_MLKEM512_CLEAN_polyvec_compress,"ax",%progbits
  19              		.align	1
  20              		.global	PQCLEAN_MLKEM512_CLEAN_polyvec_compress
  21              		.syntax unified
  22              		.thumb
  23              		.thumb_func
  25              	PQCLEAN_MLKEM512_CLEAN_polyvec_compress:
  26              	.LVL0:
  27              	.LFB0:
   1:polyvec.c     **** #include "params.h"
   2:polyvec.c     **** #include "poly.h"
   3:polyvec.c     **** #include "polyvec.h"
   4:polyvec.c     **** #include <stdint.h>
   5:polyvec.c     **** 
   6:polyvec.c     **** /*************************************************
   7:polyvec.c     **** * Name:        PQCLEAN_MLKEM512_CLEAN_polyvec_compress
   8:polyvec.c     **** *
   9:polyvec.c     **** * Description: Compress and serialize vector of polynomials
  10:polyvec.c     **** *
  11:polyvec.c     **** * Arguments:   - uint8_t *r: pointer to output byte array
  12:polyvec.c     **** *                            (needs space for KYBER_POLYVECCOMPRESSEDBYTES)
  13:polyvec.c     **** *              - const polyvec *a: pointer to input vector of polynomials
  14:polyvec.c     **** **************************************************/
  15:polyvec.c     **** void PQCLEAN_MLKEM512_CLEAN_polyvec_compress(uint8_t r[KYBER_POLYVECCOMPRESSEDBYTES], const polyvec
  28              		.loc 1 15 105 view -0
  29              		.cfi_startproc
  30              		@ args = 0, pretend = 0, frame = 8
  31              		@ frame_needed = 0, uses_anonymous_args = 0
  16:polyvec.c     ****     unsigned int i, j, k;
  32              		.loc 1 16 5 view .LVU1
  17:polyvec.c     ****     uint64_t d0;
  33              		.loc 1 17 5 view .LVU2
  18:polyvec.c     **** 
  19:polyvec.c     ****     uint16_t t[4];
  34              		.loc 1 19 5 view .LVU3
  20:polyvec.c     ****     for (i = 0; i < KYBER_K; i++) {
  35              		.loc 1 20 5 view .LVU4
  36              		.loc 1 20 19 discriminator 1 view .LVU5
  15:polyvec.c     ****     unsigned int i, j, k;
  37              		.loc 1 15 105 is_stmt 0 view .LVU6
  38 0000 2DE9F74F 		push	{r0, r1, r2, r4, r5, r6, r7, r8, r9, r10, fp, lr}
  39              	.LCFI0:
  40              		.cfi_def_cfa_offset 48
  41              		.cfi_offset 4, -36
  42              		.cfi_offset 5, -32
  43              		.cfi_offset 6, -28
  44              		.cfi_offset 7, -24
  45              		.cfi_offset 8, -20
  46              		.cfi_offset 9, -16
  47              		.cfi_offset 10, -12
  48              		.cfi_offset 11, -8
  49              		.cfi_offset 14, -4
  21:polyvec.c     ****         for (j = 0; j < KYBER_N / 4; j++) {
  22:polyvec.c     ****             for (k = 0; k < 4; k++) {
  23:polyvec.c     ****                 t[k]  = a->vec[i].coeffs[4 * j + k];
  24:polyvec.c     ****                 t[k] += ((int16_t)t[k] >> 15) & KYBER_Q;
  25:polyvec.c     ****                 /*      t[k]  = ((((uint32_t)t[k] << 10) + KYBER_Q/2)/ KYBER_Q) & 0x3ff; */
  26:polyvec.c     ****                 d0 = t[k];
  27:polyvec.c     ****                 d0 <<= 10;
  28:polyvec.c     ****                 d0 += 1665;
  29:polyvec.c     ****                 d0 *= 1290167;
  30:polyvec.c     ****                 d0 >>= 32;
  50              		.loc 1 30 20 view .LVU7
  51 0004 DFF898A0 		ldr	r10, .L8
  52 0008 0026     		movs	r6, #0
  24:polyvec.c     ****                 /*      t[k]  = ((((uint32_t)t[k] << 10) + KYBER_Q/2)/ KYBER_Q) & 0x3ff; */
  53              		.loc 1 24 47 view .LVU8
  54 000a 40F60158 		movw	r8, #3329
  28:polyvec.c     ****                 d0 *= 1290167;
  55              		.loc 1 28 20 view .LVU9
  56 000e 40F28169 		movw	r9, #1665
  57              	.LVL1:
  58              	.L2:
  21:polyvec.c     ****         for (j = 0; j < KYBER_N / 4; j++) {
  59              		.loc 1 21 23 is_stmt 1 discriminator 1 view .LVU10
  60 0012 421D     		adds	r2, r0, #5
  61 0014 01EBC605 		add	r5, r1, r6, lsl #3
  22:polyvec.c     ****                 t[k]  = a->vec[i].coeffs[4 * j + k];
  62              		.loc 1 22 20 is_stmt 0 view .LVU11
  63 0018 0024     		movs	r4, #0
  64 001a 35E0     		b	.L6
  65              	.LVL2:
  66              	.L3:
  23:polyvec.c     ****                 t[k] += ((int16_t)t[k] >> 15) & KYBER_Q;
  67              		.loc 1 23 17 is_stmt 1 view .LVU12
  23:polyvec.c     ****                 t[k] += ((int16_t)t[k] >> 15) & KYBER_Q;
  68              		.loc 1 23 41 is_stmt 0 view .LVU13
  69 001c 3CF902BB 		ldrsh	fp, [ip], #2
  24:polyvec.c     ****                 /*      t[k]  = ((((uint32_t)t[k] << 10) + KYBER_Q/2)/ KYBER_Q) & 0x3ff; */
  70              		.loc 1 24 17 is_stmt 1 view .LVU14
  26:polyvec.c     ****                 d0 <<= 10;
  71              		.loc 1 26 17 view .LVU15
  24:polyvec.c     ****                 /*      t[k]  = ((((uint32_t)t[k] << 10) + KYBER_Q/2)/ KYBER_Q) & 0x3ff; */
  72              		.loc 1 24 47 is_stmt 0 view .LVU16
  73 0020 08EAEB73 		and	r3, r8, fp, asr #31
  24:polyvec.c     ****                 /*      t[k]  = ((((uint32_t)t[k] << 10) + KYBER_Q/2)/ KYBER_Q) & 0x3ff; */
  74              		.loc 1 24 22 view .LVU17
  75 0024 5B44     		add	r3, r3, fp
  26:polyvec.c     ****                 d0 <<= 10;
  76              		.loc 1 26 20 view .LVU18
  77 0026 9BB2     		uxth	r3, r3
  78              	.LVL3:
  27:polyvec.c     ****                 d0 += 1665;
  79              		.loc 1 27 17 is_stmt 1 view .LVU19
  28:polyvec.c     ****                 d0 *= 1290167;
  80              		.loc 1 28 17 view .LVU20
  29:polyvec.c     ****                 d0 >>= 32;
  81              		.loc 1 29 17 view .LVU21
  82              		.loc 1 30 17 view .LVU22
  28:polyvec.c     ****                 d0 *= 1290167;
  83              		.loc 1 28 20 is_stmt 0 view .LVU23
  84 0028 09EB8323 		add	r3, r9, r3, lsl #10
  85              	.LVL4:
  86              		.loc 1 30 20 view .LVU24
  87 002c AAFB03B3 		umull	fp, r3, r10, r3
  88              	.LVL5:
  31:polyvec.c     ****                 t[k] = d0 & 0x3ff;
  89              		.loc 1 31 17 is_stmt 1 view .LVU25
  22:polyvec.c     ****                 t[k]  = a->vec[i].coeffs[4 * j + k];
  90              		.loc 1 22 33 is_stmt 0 discriminator 3 view .LVU26
  91 0030 0137     		adds	r7, r7, #1
  92              	.LVL6:
  93              		.loc 1 31 27 view .LVU27
  94 0032 C3F30903 		ubfx	r3, r3, #0, #10
  95              	.LVL7:
  22:polyvec.c     ****                 t[k]  = a->vec[i].coeffs[4 * j + k];
  96              		.loc 1 22 27 discriminator 1 view .LVU28
  97 0036 042F     		cmp	r7, #4
  98              		.loc 1 31 22 view .LVU29
  99 0038 2EF8023B 		strh	r3, [lr], #2	@ movhi
  22:polyvec.c     ****                 t[k]  = a->vec[i].coeffs[4 * j + k];
 100              		.loc 1 22 33 is_stmt 1 discriminator 3 view .LVU30
 101              	.LVL8:
  22:polyvec.c     ****                 t[k]  = a->vec[i].coeffs[4 * j + k];
 102              		.loc 1 22 27 discriminator 1 view .LVU31
 103 003c EED1     		bne	.L3
  32:polyvec.c     ****             }
  33:polyvec.c     **** 
  34:polyvec.c     ****             r[0] = (uint8_t)(t[0] >> 0);
 104              		.loc 1 34 13 view .LVU32
  35:polyvec.c     ****             r[1] = (uint8_t)((t[0] >> 8) | (t[1] << 2));
 105              		.loc 1 35 46 is_stmt 0 view .LVU33
 106 003e BDF80270 		ldrh	r7, [sp, #2]
 107              	.LVL9:
  34:polyvec.c     ****             r[1] = (uint8_t)((t[0] >> 8) | (t[1] << 2));
 108              		.loc 1 34 31 view .LVU34
 109 0042 BDF800C0 		ldrh	ip, [sp]
 110              	.LVL10:
  34:polyvec.c     ****             r[1] = (uint8_t)((t[0] >> 8) | (t[1] << 2));
 111              		.loc 1 34 20 view .LVU35
 112 0046 02F805CC 		strb	ip, [r2, #-5]
 113              		.loc 1 35 13 is_stmt 1 view .LVU36
 114              		.loc 1 35 42 is_stmt 0 view .LVU37
 115 004a BB00     		lsls	r3, r7, #2
 116 004c 43EA1C23 		orr	r3, r3, ip, lsr #8
  36:polyvec.c     ****             r[2] = (uint8_t)((t[1] >> 6) | (t[2] << 4));
 117              		.loc 1 36 46 view .LVU38
 118 0050 BDF804C0 		ldrh	ip, [sp, #4]
  35:polyvec.c     ****             r[1] = (uint8_t)((t[0] >> 8) | (t[1] << 2));
 119              		.loc 1 35 18 view .LVU39
 120 0054 02F8043C 		strb	r3, [r2, #-4]
 121              		.loc 1 36 13 is_stmt 1 view .LVU40
 122              		.loc 1 36 42 is_stmt 0 view .LVU41
 123 0058 4FEA0C13 		lsl	r3, ip, #4
 124 005c 43EA9713 		orr	r3, r3, r7, lsr #6
 125              		.loc 1 36 18 view .LVU42
 126 0060 02F8033C 		strb	r3, [r2, #-3]
  37:polyvec.c     ****             r[3] = (uint8_t)((t[2] >> 4) | (t[3] << 6));
 127              		.loc 1 37 13 is_stmt 1 view .LVU43
 128              		.loc 1 37 46 is_stmt 0 view .LVU44
 129 0064 BDF80630 		ldrh	r3, [sp, #6]
  21:polyvec.c     ****             for (k = 0; k < 4; k++) {
 130              		.loc 1 21 23 discriminator 1 view .LVU45
 131 0068 0434     		adds	r4, r4, #4
 132              		.loc 1 37 42 view .LVU46
 133 006a 9F01     		lsls	r7, r3, #6
 134 006c 47EA1C17 		orr	r7, r7, ip, lsr #4
  38:polyvec.c     ****             r[4] = (uint8_t)(t[3] >> 2);
 135              		.loc 1 38 20 view .LVU47
 136 0070 9B08     		lsrs	r3, r3, #2
  21:polyvec.c     ****             for (k = 0; k < 4; k++) {
 137              		.loc 1 21 23 discriminator 1 view .LVU48
 138 0072 B4F5807F 		cmp	r4, #256
  37:polyvec.c     ****             r[3] = (uint8_t)((t[2] >> 4) | (t[3] << 6));
 139              		.loc 1 37 18 view .LVU49
 140 0076 02F8027C 		strb	r7, [r2, #-2]
 141              		.loc 1 38 13 is_stmt 1 view .LVU50
 142              		.loc 1 38 20 is_stmt 0 view .LVU51
 143 007a 02F8013C 		strb	r3, [r2, #-1]
  39:polyvec.c     ****             r += 5;
 144              		.loc 1 39 13 is_stmt 1 view .LVU52
 145              	.LVL11:
  21:polyvec.c     ****             for (k = 0; k < 4; k++) {
 146              		.loc 1 21 39 discriminator 2 view .LVU53
  21:polyvec.c     ****             for (k = 0; k < 4; k++) {
 147              		.loc 1 21 23 discriminator 1 view .LVU54
 148 007e 05F10805 		add	r5, r5, #8
 149 0082 02F10502 		add	r2, r2, #5
 150              	.LVL12:
  21:polyvec.c     ****             for (k = 0; k < 4; k++) {
 151              		.loc 1 21 23 is_stmt 0 discriminator 1 view .LVU55
 152 0086 03D0     		beq	.L4
 153              	.LVL13:
 154              	.L6:
  22:polyvec.c     ****                 t[k]  = a->vec[i].coeffs[4 * j + k];
 155              		.loc 1 22 27 is_stmt 1 discriminator 1 view .LVU56
 156 0088 EE46     		mov	lr, sp
  15:polyvec.c     ****     unsigned int i, j, k;
 157              		.loc 1 15 105 is_stmt 0 view .LVU57
 158 008a AC46     		mov	ip, r5
  22:polyvec.c     ****                 t[k]  = a->vec[i].coeffs[4 * j + k];
 159              		.loc 1 22 20 view .LVU58
 160 008c 0027     		movs	r7, #0
 161 008e C5E7     		b	.L3
 162              	.LVL14:
 163              	.L4:
  22:polyvec.c     ****                 t[k]  = a->vec[i].coeffs[4 * j + k];
 164              		.loc 1 22 20 view .LVU59
 165 0090 00F5A070 		add	r0, r0, #320
  20:polyvec.c     ****         for (j = 0; j < KYBER_N / 4; j++) {
 166              		.loc 1 20 31 is_stmt 1 discriminator 2 view .LVU60
 167              	.LVL15:
  20:polyvec.c     ****         for (j = 0; j < KYBER_N / 4; j++) {
 168              		.loc 1 20 19 discriminator 1 view .LVU61
 169 0094 0EB9     		cbnz	r6, .L1
 170 0096 4026     		movs	r6, #64
 171 0098 BBE7     		b	.L2
 172              	.L1:
  40:polyvec.c     ****         }
  41:polyvec.c     ****     }
  42:polyvec.c     **** }
 173              		.loc 1 42 1 is_stmt 0 view .LVU62
 174 009a 03B0     		add	sp, sp, #12
 175              	.LCFI1:
 176              		.cfi_def_cfa_offset 36
 177              		@ sp needed
 178 009c BDE8F08F 		pop	{r4, r5, r6, r7, r8, r9, r10, fp, pc}
 179              	.L9:
 180              		.align	2
 181              	.L8:
 182 00a0 B7AF1300 		.word	1290167
 183              		.cfi_endproc
 184              	.LFE0:
 186              		.section	.text.PQCLEAN_MLKEM512_CLEAN_polyvec_decompress,"ax",%progbits
 187              		.align	1
 188              		.global	PQCLEAN_MLKEM512_CLEAN_polyvec_decompress
 189              		.syntax unified
 190              		.thumb
 191              		.thumb_func
 193              	PQCLEAN_MLKEM512_CLEAN_polyvec_decompress:
 194              	.LVL16:
 195              	.LFB1:
  43:polyvec.c     **** 
  44:polyvec.c     **** /*************************************************
  45:polyvec.c     **** * Name:        PQCLEAN_MLKEM512_CLEAN_polyvec_decompress
  46:polyvec.c     **** *
  47:polyvec.c     **** * Description: De-serialize and decompress vector of polynomials;
  48:polyvec.c     **** *              approximate inverse of PQCLEAN_MLKEM512_CLEAN_polyvec_compress
  49:polyvec.c     **** *
  50:polyvec.c     **** * Arguments:   - polyvec *r:       pointer to output vector of polynomials
  51:polyvec.c     **** *              - const uint8_t *a: pointer to input byte array
  52:polyvec.c     **** *                                  (of length KYBER_POLYVECCOMPRESSEDBYTES)
  53:polyvec.c     **** **************************************************/
  54:polyvec.c     **** void PQCLEAN_MLKEM512_CLEAN_polyvec_decompress(polyvec *r, const uint8_t a[KYBER_POLYVECCOMPRESSEDB
 196              		.loc 1 54 107 is_stmt 1 view -0
 197              		.cfi_startproc
 198              		@ args = 0, pretend = 0, frame = 8
 199              		@ frame_needed = 0, uses_anonymous_args = 0
  55:polyvec.c     ****     unsigned int i, j, k;
 200              		.loc 1 55 5 view .LVU64
  56:polyvec.c     **** 
  57:polyvec.c     ****     uint16_t t[4];
 201              		.loc 1 57 5 view .LVU65
  58:polyvec.c     ****     for (i = 0; i < KYBER_K; i++) {
 202              		.loc 1 58 5 view .LVU66
 203              		.loc 1 58 19 discriminator 1 view .LVU67
  54:polyvec.c     ****     unsigned int i, j, k;
 204              		.loc 1 54 107 is_stmt 0 view .LVU68
 205 0000 2DE9F341 		push	{r0, r1, r4, r5, r6, r7, r8, lr}
 206              	.LCFI2:
 207              		.cfi_def_cfa_offset 32
 208              		.cfi_offset 4, -24
 209              		.cfi_offset 5, -20
 210              		.cfi_offset 6, -16
 211              		.cfi_offset 7, -12
 212              		.cfi_offset 8, -8
 213              		.cfi_offset 14, -4
 214 0004 0024     		movs	r4, #0
  59:polyvec.c     ****         for (j = 0; j < KYBER_N / 4; j++) {
  60:polyvec.c     ****             t[0] = (a[0] >> 0) | ((uint16_t)a[1] << 8);
  61:polyvec.c     ****             t[1] = (a[1] >> 2) | ((uint16_t)a[2] << 6);
  62:polyvec.c     ****             t[2] = (a[2] >> 4) | ((uint16_t)a[3] << 4);
  63:polyvec.c     ****             t[3] = (a[3] >> 6) | ((uint16_t)a[4] << 2);
  64:polyvec.c     ****             a += 5;
  65:polyvec.c     **** 
  66:polyvec.c     ****             for (k = 0; k < 4; k++) {
  67:polyvec.c     ****                 r->vec[i].coeffs[4 * j + k] = ((uint32_t)(t[k] & 0x3FF) * KYBER_Q + 512) >> 10;
 215              		.loc 1 67 73 view .LVU69
 216 0006 40F60158 		movw	r8, #3329
 217              	.LVL17:
 218              	.L11:
 219              		.loc 1 67 73 view .LVU70
 220 000a 04EB8403 		add	r3, r4, r4, lsl #2
 221 000e 0B44     		add	r3, r3, r1
 222              	.LVL18:
  59:polyvec.c     ****         for (j = 0; j < KYBER_N / 4; j++) {
 223              		.loc 1 59 23 is_stmt 1 discriminator 1 view .LVU71
 224 0010 00EBC406 		add	r6, r0, r4, lsl #3
  54:polyvec.c     ****     unsigned int i, j, k;
 225              		.loc 1 54 107 is_stmt 0 view .LVU72
 226 0014 0025     		movs	r5, #0
 227              	.LVL19:
 228              	.L13:
  60:polyvec.c     ****             t[1] = (a[1] >> 2) | ((uint16_t)a[2] << 6);
 229              		.loc 1 60 13 is_stmt 1 view .LVU73
  61:polyvec.c     ****             t[2] = (a[2] >> 4) | ((uint16_t)a[3] << 4);
 230              		.loc 1 61 46 is_stmt 0 view .LVU74
 231 0016 93F802C0 		ldrb	ip, [r3, #2]	@ zero_extendqisi2
  60:polyvec.c     ****             t[1] = (a[1] >> 2) | ((uint16_t)a[2] << 6);
 232              		.loc 1 60 46 view .LVU75
 233 001a 5F78     		ldrb	r7, [r3, #1]	@ zero_extendqisi2
  60:polyvec.c     ****             t[1] = (a[1] >> 2) | ((uint16_t)a[2] << 6);
 234              		.loc 1 60 18 view .LVU76
 235 001c 1A88     		ldrh	r2, [r3]	@ unaligned
 236 001e ADF80020 		strh	r2, [sp]	@ movhi
  61:polyvec.c     ****             t[2] = (a[2] >> 4) | ((uint16_t)a[3] << 4);
 237              		.loc 1 61 13 is_stmt 1 view .LVU77
  61:polyvec.c     ****             t[2] = (a[2] >> 4) | ((uint16_t)a[3] << 4);
 238              		.loc 1 61 32 is_stmt 0 view .LVU78
 239 0022 4FEA8C12 		lsl	r2, ip, #6
 240 0026 42EA9702 		orr	r2, r2, r7, lsr #2
  61:polyvec.c     ****             t[2] = (a[2] >> 4) | ((uint16_t)a[3] << 4);
 241              		.loc 1 61 18 view .LVU79
 242 002a ADF80220 		strh	r2, [sp, #2]	@ movhi
  62:polyvec.c     ****             t[3] = (a[3] >> 6) | ((uint16_t)a[4] << 2);
 243              		.loc 1 62 13 is_stmt 1 view .LVU80
  62:polyvec.c     ****             t[3] = (a[3] >> 6) | ((uint16_t)a[4] << 2);
 244              		.loc 1 62 46 is_stmt 0 view .LVU81
 245 002e DA78     		ldrb	r2, [r3, #3]	@ zero_extendqisi2
  62:polyvec.c     ****             t[3] = (a[3] >> 6) | ((uint16_t)a[4] << 2);
 246              		.loc 1 62 32 view .LVU82
 247 0030 1701     		lsls	r7, r2, #4
 248 0032 47EA1C17 		orr	r7, r7, ip, lsr #4
  62:polyvec.c     ****             t[3] = (a[3] >> 6) | ((uint16_t)a[4] << 2);
 249              		.loc 1 62 18 view .LVU83
 250 0036 ADF80470 		strh	r7, [sp, #4]	@ movhi
  63:polyvec.c     ****             a += 5;
 251              		.loc 1 63 13 is_stmt 1 view .LVU84
  63:polyvec.c     ****             a += 5;
 252              		.loc 1 63 32 is_stmt 0 view .LVU85
 253 003a 1F79     		ldrb	r7, [r3, #4]	@ zero_extendqisi2
 254 003c 9209     		lsrs	r2, r2, #6
 255 003e 42EA8702 		orr	r2, r2, r7, lsl #2
  63:polyvec.c     ****             a += 5;
 256              		.loc 1 63 18 view .LVU86
 257 0042 ADF80620 		strh	r2, [sp, #6]	@ movhi
  64:polyvec.c     **** 
 258              		.loc 1 64 13 is_stmt 1 view .LVU87
  64:polyvec.c     **** 
 259              		.loc 1 64 15 is_stmt 0 view .LVU88
 260 0046 0533     		adds	r3, r3, #5
 261              	.LVL20:
  66:polyvec.c     ****                 r->vec[i].coeffs[4 * j + k] = ((uint32_t)(t[k] & 0x3FF) * KYBER_Q + 512) >> 10;
 262              		.loc 1 66 13 is_stmt 1 view .LVU89
  66:polyvec.c     ****                 r->vec[i].coeffs[4 * j + k] = ((uint32_t)(t[k] & 0x3FF) * KYBER_Q + 512) >> 10;
 263              		.loc 1 66 27 discriminator 1 view .LVU90
 264 0048 EE46     		mov	lr, sp
  64:polyvec.c     **** 
 265              		.loc 1 64 15 is_stmt 0 view .LVU91
 266 004a B446     		mov	ip, r6
  66:polyvec.c     ****                 r->vec[i].coeffs[4 * j + k] = ((uint32_t)(t[k] & 0x3FF) * KYBER_Q + 512) >> 10;
 267              		.loc 1 66 20 view .LVU92
 268 004c 0027     		movs	r7, #0
 269              	.LVL21:
 270              	.L12:
 271              		.loc 1 67 17 is_stmt 1 view .LVU93
 272              		.loc 1 67 60 is_stmt 0 view .LVU94
 273 004e 3EF8022B 		ldrh	r2, [lr], #2
 274              		.loc 1 67 48 view .LVU95
 275 0052 C2F30902 		ubfx	r2, r2, #0, #10
 276              		.loc 1 67 73 view .LVU96
 277 0056 08FB02F2 		mul	r2, r8, r2
 278              		.loc 1 67 83 view .LVU97
 279 005a 02F50072 		add	r2, r2, #512
  66:polyvec.c     ****                 r->vec[i].coeffs[4 * j + k] = ((uint32_t)(t[k] & 0x3FF) * KYBER_Q + 512) >> 10;
 280              		.loc 1 66 33 discriminator 3 view .LVU98
 281 005e 0137     		adds	r7, r7, #1
 282              	.LVL22:
 283              		.loc 1 67 90 view .LVU99
 284 0060 920A     		lsrs	r2, r2, #10
  66:polyvec.c     ****                 r->vec[i].coeffs[4 * j + k] = ((uint32_t)(t[k] & 0x3FF) * KYBER_Q + 512) >> 10;
 285              		.loc 1 66 27 discriminator 1 view .LVU100
 286 0062 042F     		cmp	r7, #4
 287              		.loc 1 67 45 view .LVU101
 288 0064 2CF8022B 		strh	r2, [ip], #2	@ movhi
  66:polyvec.c     ****                 r->vec[i].coeffs[4 * j + k] = ((uint32_t)(t[k] & 0x3FF) * KYBER_Q + 512) >> 10;
 289              		.loc 1 66 33 is_stmt 1 discriminator 3 view .LVU102
 290              	.LVL23:
  66:polyvec.c     ****                 r->vec[i].coeffs[4 * j + k] = ((uint32_t)(t[k] & 0x3FF) * KYBER_Q + 512) >> 10;
 291              		.loc 1 66 27 discriminator 1 view .LVU103
 292 0068 F1D1     		bne	.L12
  59:polyvec.c     ****             t[0] = (a[0] >> 0) | ((uint16_t)a[1] << 8);
 293              		.loc 1 59 39 discriminator 2 view .LVU104
  59:polyvec.c     ****             t[0] = (a[0] >> 0) | ((uint16_t)a[1] << 8);
 294              		.loc 1 59 23 discriminator 1 view .LVU105
 295 006a 0435     		adds	r5, r5, #4
 296 006c B5F5807F 		cmp	r5, #256
 297 0070 06F10806 		add	r6, r6, #8
 298 0074 CFD1     		bne	.L13
  58:polyvec.c     ****         for (j = 0; j < KYBER_N / 4; j++) {
 299              		.loc 1 58 31 discriminator 2 view .LVU106
 300              	.LVL24:
  58:polyvec.c     ****         for (j = 0; j < KYBER_N / 4; j++) {
 301              		.loc 1 58 19 discriminator 1 view .LVU107
 302 0076 0CB9     		cbnz	r4, .L10
 303 0078 4024     		movs	r4, #64
 304 007a C6E7     		b	.L11
 305              	.L10:
  68:polyvec.c     ****             }
  69:polyvec.c     ****         }
  70:polyvec.c     ****     }
  71:polyvec.c     **** }
 306              		.loc 1 71 1 is_stmt 0 view .LVU108
 307 007c 02B0     		add	sp, sp, #8
 308              	.LCFI3:
 309              		.cfi_def_cfa_offset 24
 310              		@ sp needed
 311 007e BDE8F081 		pop	{r4, r5, r6, r7, r8, pc}
 312              		.loc 1 71 1 view .LVU109
 313              		.cfi_endproc
 314              	.LFE1:
 316              		.section	.text.PQCLEAN_MLKEM512_CLEAN_polyvec_tobytes,"ax",%progbits
 317              		.align	1
 318              		.global	PQCLEAN_MLKEM512_CLEAN_polyvec_tobytes
 319              		.syntax unified
 320              		.thumb
 321              		.thumb_func
 323              	PQCLEAN_MLKEM512_CLEAN_polyvec_tobytes:
 324              	.LVL25:
 325              	.LFB2:
  72:polyvec.c     **** 
  73:polyvec.c     **** /*************************************************
  74:polyvec.c     **** * Name:        PQCLEAN_MLKEM512_CLEAN_polyvec_tobytes
  75:polyvec.c     **** *
  76:polyvec.c     **** * Description: Serialize vector of polynomials
  77:polyvec.c     **** *
  78:polyvec.c     **** * Arguments:   - uint8_t *r: pointer to output byte array
  79:polyvec.c     **** *                            (needs space for KYBER_POLYVECBYTES)
  80:polyvec.c     **** *              - const polyvec *a: pointer to input vector of polynomials
  81:polyvec.c     **** **************************************************/
  82:polyvec.c     **** void PQCLEAN_MLKEM512_CLEAN_polyvec_tobytes(uint8_t r[KYBER_POLYVECBYTES], const polyvec *a) {
 326              		.loc 1 82 94 is_stmt 1 view -0
 327              		.cfi_startproc
 328              		@ args = 0, pretend = 0, frame = 0
 329              		@ frame_needed = 0, uses_anonymous_args = 0
  83:polyvec.c     ****     unsigned int i;
 330              		.loc 1 83 5 view .LVU111
  84:polyvec.c     ****     for (i = 0; i < KYBER_K; i++) {
 331              		.loc 1 84 5 view .LVU112
 332              		.loc 1 84 19 discriminator 1 view .LVU113
  85:polyvec.c     ****         PQCLEAN_MLKEM512_CLEAN_poly_tobytes(r + i * KYBER_POLYBYTES, &a->vec[i]);
 333              		.loc 1 85 9 view .LVU114
  82:polyvec.c     ****     unsigned int i;
 334              		.loc 1 82 94 is_stmt 0 view .LVU115
 335 0000 38B5     		push	{r3, r4, r5, lr}
 336              	.LCFI4:
 337              		.cfi_def_cfa_offset 16
 338              		.cfi_offset 3, -16
 339              		.cfi_offset 4, -12
 340              		.cfi_offset 5, -8
 341              		.cfi_offset 14, -4
  82:polyvec.c     ****     unsigned int i;
 342              		.loc 1 82 94 view .LVU116
 343 0002 0446     		mov	r4, r0
 344 0004 0D46     		mov	r5, r1
 345              		.loc 1 85 9 view .LVU117
 346 0006 FFF7FEFF 		bl	PQCLEAN_MLKEM512_CLEAN_poly_tobytes
 347              	.LVL26:
  84:polyvec.c     ****     for (i = 0; i < KYBER_K; i++) {
 348              		.loc 1 84 31 is_stmt 1 discriminator 3 view .LVU118
  84:polyvec.c     ****     for (i = 0; i < KYBER_K; i++) {
 349              		.loc 1 84 19 discriminator 1 view .LVU119
 350              		.loc 1 85 9 view .LVU120
 351 000a 05F50071 		add	r1, r5, #512
 352 000e 04F5C070 		add	r0, r4, #384
  86:polyvec.c     ****     }
  87:polyvec.c     **** }
 353              		.loc 1 87 1 is_stmt 0 view .LVU121
 354 0012 BDE83840 		pop	{r3, r4, r5, lr}
 355              	.LCFI5:
 356              		.cfi_restore 14
 357              		.cfi_restore 5
 358              		.cfi_restore 4
 359              		.cfi_restore 3
 360              		.cfi_def_cfa_offset 0
 361              	.LVL27:
  85:polyvec.c     ****     }
 362              		.loc 1 85 9 view .LVU122
 363 0016 FFF7FEBF 		b	PQCLEAN_MLKEM512_CLEAN_poly_tobytes
 364              	.LVL28:
  85:polyvec.c     ****     }
 365              		.loc 1 85 9 view .LVU123
 366              		.cfi_endproc
 367              	.LFE2:
 369              		.section	.text.PQCLEAN_MLKEM512_CLEAN_polyvec_frombytes,"ax",%progbits
 370              		.align	1
 371              		.global	PQCLEAN_MLKEM512_CLEAN_polyvec_frombytes
 372              		.syntax unified
 373              		.thumb
 374              		.thumb_func
 376              	PQCLEAN_MLKEM512_CLEAN_polyvec_frombytes:
 377              	.LVL29:
 378              	.LFB3:
  88:polyvec.c     **** 
  89:polyvec.c     **** /*************************************************
  90:polyvec.c     **** * Name:        PQCLEAN_MLKEM512_CLEAN_polyvec_frombytes
  91:polyvec.c     **** *
  92:polyvec.c     **** * Description: De-serialize vector of polynomials;
  93:polyvec.c     **** *              inverse of PQCLEAN_MLKEM512_CLEAN_polyvec_tobytes
  94:polyvec.c     **** *
  95:polyvec.c     **** * Arguments:   - uint8_t *r:       pointer to output byte array
  96:polyvec.c     **** *              - const polyvec *a: pointer to input vector of polynomials
  97:polyvec.c     **** *                                  (of length KYBER_POLYVECBYTES)
  98:polyvec.c     **** **************************************************/
  99:polyvec.c     **** void PQCLEAN_MLKEM512_CLEAN_polyvec_frombytes(polyvec *r, const uint8_t a[KYBER_POLYVECBYTES]) {
 379              		.loc 1 99 96 is_stmt 1 view -0
 380              		.cfi_startproc
 381              		@ args = 0, pretend = 0, frame = 0
 382              		@ frame_needed = 0, uses_anonymous_args = 0
 100:polyvec.c     ****     unsigned int i;
 383              		.loc 1 100 5 view .LVU125
 101:polyvec.c     ****     for (i = 0; i < KYBER_K; i++) {
 384              		.loc 1 101 5 view .LVU126
 385              		.loc 1 101 19 discriminator 1 view .LVU127
 102:polyvec.c     ****         PQCLEAN_MLKEM512_CLEAN_poly_frombytes(&r->vec[i], a + i * KYBER_POLYBYTES);
 386              		.loc 1 102 9 view .LVU128
  99:polyvec.c     ****     unsigned int i;
 387              		.loc 1 99 96 is_stmt 0 view .LVU129
 388 0000 38B5     		push	{r3, r4, r5, lr}
 389              	.LCFI6:
 390              		.cfi_def_cfa_offset 16
 391              		.cfi_offset 3, -16
 392              		.cfi_offset 4, -12
 393              		.cfi_offset 5, -8
 394              		.cfi_offset 14, -4
  99:polyvec.c     ****     unsigned int i;
 395              		.loc 1 99 96 view .LVU130
 396 0002 0446     		mov	r4, r0
 397 0004 0D46     		mov	r5, r1
 398              		.loc 1 102 9 view .LVU131
 399 0006 FFF7FEFF 		bl	PQCLEAN_MLKEM512_CLEAN_poly_frombytes
 400              	.LVL30:
 101:polyvec.c     ****     for (i = 0; i < KYBER_K; i++) {
 401              		.loc 1 101 31 is_stmt 1 discriminator 3 view .LVU132
 101:polyvec.c     ****     for (i = 0; i < KYBER_K; i++) {
 402              		.loc 1 101 19 discriminator 1 view .LVU133
 403              		.loc 1 102 9 view .LVU134
 404 000a 05F5C071 		add	r1, r5, #384
 405 000e 04F50070 		add	r0, r4, #512
 103:polyvec.c     ****     }
 104:polyvec.c     **** }
 406              		.loc 1 104 1 is_stmt 0 view .LVU135
 407 0012 BDE83840 		pop	{r3, r4, r5, lr}
 408              	.LCFI7:
 409              		.cfi_restore 14
 410              		.cfi_restore 5
 411              		.cfi_restore 4
 412              		.cfi_restore 3
 413              		.cfi_def_cfa_offset 0
 414              	.LVL31:
 102:polyvec.c     ****     }
 415              		.loc 1 102 9 view .LVU136
 416 0016 FFF7FEBF 		b	PQCLEAN_MLKEM512_CLEAN_poly_frombytes
 417              	.LVL32:
 102:polyvec.c     ****     }
 418              		.loc 1 102 9 view .LVU137
 419              		.cfi_endproc
 420              	.LFE3:
 422              		.section	.text.PQCLEAN_MLKEM512_CLEAN_polyvec_ntt,"ax",%progbits
 423              		.align	1
 424              		.global	PQCLEAN_MLKEM512_CLEAN_polyvec_ntt
 425              		.syntax unified
 426              		.thumb
 427              		.thumb_func
 429              	PQCLEAN_MLKEM512_CLEAN_polyvec_ntt:
 430              	.LVL33:
 431              	.LFB4:
 105:polyvec.c     **** 
 106:polyvec.c     **** /*************************************************
 107:polyvec.c     **** * Name:        PQCLEAN_MLKEM512_CLEAN_polyvec_ntt
 108:polyvec.c     **** *
 109:polyvec.c     **** * Description: Apply forward NTT to all elements of a vector of polynomials
 110:polyvec.c     **** *
 111:polyvec.c     **** * Arguments:   - polyvec *r: pointer to in/output vector of polynomials
 112:polyvec.c     **** **************************************************/
 113:polyvec.c     **** void PQCLEAN_MLKEM512_CLEAN_polyvec_ntt(polyvec *r) {
 432              		.loc 1 113 53 is_stmt 1 view -0
 433              		.cfi_startproc
 434              		@ args = 0, pretend = 0, frame = 0
 435              		@ frame_needed = 0, uses_anonymous_args = 0
 114:polyvec.c     ****     unsigned int i;
 436              		.loc 1 114 5 view .LVU139
 115:polyvec.c     ****     for (i = 0; i < KYBER_K; i++) {
 437              		.loc 1 115 5 view .LVU140
 438              		.loc 1 115 19 discriminator 1 view .LVU141
 116:polyvec.c     ****         PQCLEAN_MLKEM512_CLEAN_poly_ntt(&r->vec[i]);
 439              		.loc 1 116 9 view .LVU142
 113:polyvec.c     ****     unsigned int i;
 440              		.loc 1 113 53 is_stmt 0 view .LVU143
 441 0000 10B5     		push	{r4, lr}
 442              	.LCFI8:
 443              		.cfi_def_cfa_offset 8
 444              		.cfi_offset 4, -8
 445              		.cfi_offset 14, -4
 113:polyvec.c     ****     unsigned int i;
 446              		.loc 1 113 53 view .LVU144
 447 0002 0446     		mov	r4, r0
 448              		.loc 1 116 9 view .LVU145
 449 0004 FFF7FEFF 		bl	PQCLEAN_MLKEM512_CLEAN_poly_ntt
 450              	.LVL34:
 115:polyvec.c     ****     for (i = 0; i < KYBER_K; i++) {
 451              		.loc 1 115 31 is_stmt 1 discriminator 3 view .LVU146
 115:polyvec.c     ****     for (i = 0; i < KYBER_K; i++) {
 452              		.loc 1 115 19 discriminator 1 view .LVU147
 453              		.loc 1 116 9 view .LVU148
 454 0008 04F50070 		add	r0, r4, #512
 117:polyvec.c     ****     }
 118:polyvec.c     **** }
 455              		.loc 1 118 1 is_stmt 0 view .LVU149
 456 000c BDE81040 		pop	{r4, lr}
 457              	.LCFI9:
 458              		.cfi_restore 14
 459              		.cfi_restore 4
 460              		.cfi_def_cfa_offset 0
 461              	.LVL35:
 116:polyvec.c     ****     }
 462              		.loc 1 116 9 view .LVU150
 463 0010 FFF7FEBF 		b	PQCLEAN_MLKEM512_CLEAN_poly_ntt
 464              	.LVL36:
 116:polyvec.c     ****     }
 465              		.loc 1 116 9 view .LVU151
 466              		.cfi_endproc
 467              	.LFE4:
 469              		.section	.text.PQCLEAN_MLKEM512_CLEAN_polyvec_invntt_tomont,"ax",%progbits
 470              		.align	1
 471              		.global	PQCLEAN_MLKEM512_CLEAN_polyvec_invntt_tomont
 472              		.syntax unified
 473              		.thumb
 474              		.thumb_func
 476              	PQCLEAN_MLKEM512_CLEAN_polyvec_invntt_tomont:
 477              	.LVL37:
 478              	.LFB5:
 119:polyvec.c     **** 
 120:polyvec.c     **** /*************************************************
 121:polyvec.c     **** * Name:        PQCLEAN_MLKEM512_CLEAN_polyvec_invntt_tomont
 122:polyvec.c     **** *
 123:polyvec.c     **** * Description: Apply inverse NTT to all elements of a vector of polynomials
 124:polyvec.c     **** *              and multiply by Montgomery factor 2^16
 125:polyvec.c     **** *
 126:polyvec.c     **** * Arguments:   - polyvec *r: pointer to in/output vector of polynomials
 127:polyvec.c     **** **************************************************/
 128:polyvec.c     **** void PQCLEAN_MLKEM512_CLEAN_polyvec_invntt_tomont(polyvec *r) {
 479              		.loc 1 128 63 is_stmt 1 view -0
 480              		.cfi_startproc
 481              		@ args = 0, pretend = 0, frame = 0
 482              		@ frame_needed = 0, uses_anonymous_args = 0
 129:polyvec.c     ****     unsigned int i;
 483              		.loc 1 129 5 view .LVU153
 130:polyvec.c     ****     for (i = 0; i < KYBER_K; i++) {
 484              		.loc 1 130 5 view .LVU154
 485              		.loc 1 130 19 discriminator 1 view .LVU155
 131:polyvec.c     ****         PQCLEAN_MLKEM512_CLEAN_poly_invntt_tomont(&r->vec[i]);
 486              		.loc 1 131 9 view .LVU156
 128:polyvec.c     ****     unsigned int i;
 487              		.loc 1 128 63 is_stmt 0 view .LVU157
 488 0000 10B5     		push	{r4, lr}
 489              	.LCFI10:
 490              		.cfi_def_cfa_offset 8
 491              		.cfi_offset 4, -8
 492              		.cfi_offset 14, -4
 128:polyvec.c     ****     unsigned int i;
 493              		.loc 1 128 63 view .LVU158
 494 0002 0446     		mov	r4, r0
 495              		.loc 1 131 9 view .LVU159
 496 0004 FFF7FEFF 		bl	PQCLEAN_MLKEM512_CLEAN_poly_invntt_tomont
 497              	.LVL38:
 130:polyvec.c     ****     for (i = 0; i < KYBER_K; i++) {
 498              		.loc 1 130 31 is_stmt 1 discriminator 3 view .LVU160
 130:polyvec.c     ****     for (i = 0; i < KYBER_K; i++) {
 499              		.loc 1 130 19 discriminator 1 view .LVU161
 500              		.loc 1 131 9 view .LVU162
 501 0008 04F50070 		add	r0, r4, #512
 132:polyvec.c     ****     }
 133:polyvec.c     **** }
 502              		.loc 1 133 1 is_stmt 0 view .LVU163
 503 000c BDE81040 		pop	{r4, lr}
 504              	.LCFI11:
 505              		.cfi_restore 14
 506              		.cfi_restore 4
 507              		.cfi_def_cfa_offset 0
 508              	.LVL39:
 131:polyvec.c     ****     }
 509              		.loc 1 131 9 view .LVU164
 510 0010 FFF7FEBF 		b	PQCLEAN_MLKEM512_CLEAN_poly_invntt_tomont
 511              	.LVL40:
 131:polyvec.c     ****     }
 512              		.loc 1 131 9 view .LVU165
 513              		.cfi_endproc
 514              	.LFE5:
 516              		.section	.text.PQCLEAN_MLKEM512_CLEAN_polyvec_basemul_acc_montgomery,"ax",%progbits
 517              		.align	1
 518              		.global	PQCLEAN_MLKEM512_CLEAN_polyvec_basemul_acc_montgomery
 519              		.syntax unified
 520              		.thumb
 521              		.thumb_func
 523              	PQCLEAN_MLKEM512_CLEAN_polyvec_basemul_acc_montgomery:
 524              	.LVL41:
 525              	.LFB6:
 134:polyvec.c     **** 
 135:polyvec.c     **** /*************************************************
 136:polyvec.c     **** * Name:        PQCLEAN_MLKEM512_CLEAN_polyvec_basemul_acc_montgomery
 137:polyvec.c     **** *
 138:polyvec.c     **** * Description: Multiply elements of a and b in NTT domain, accumulate into r,
 139:polyvec.c     **** *              and multiply by 2^-16.
 140:polyvec.c     **** *
 141:polyvec.c     **** * Arguments: - poly *r: pointer to output polynomial
 142:polyvec.c     **** *            - const polyvec *a: pointer to first input vector of polynomials
 143:polyvec.c     **** *            - const polyvec *b: pointer to second input vector of polynomials
 144:polyvec.c     **** **************************************************/
 145:polyvec.c     **** void PQCLEAN_MLKEM512_CLEAN_polyvec_basemul_acc_montgomery(poly *r, const polyvec *a, const polyvec
 526              		.loc 1 145 105 is_stmt 1 view -0
 527              		.cfi_startproc
 528              		@ args = 0, pretend = 0, frame = 512
 529              		@ frame_needed = 0, uses_anonymous_args = 0
 146:polyvec.c     ****     unsigned int i;
 530              		.loc 1 146 5 view .LVU167
 147:polyvec.c     ****     poly t;
 531              		.loc 1 147 5 view .LVU168
 148:polyvec.c     **** 
 149:polyvec.c     ****     PQCLEAN_MLKEM512_CLEAN_poly_basemul_montgomery(r, &a->vec[0], &b->vec[0]);
 532              		.loc 1 149 5 view .LVU169
 145:polyvec.c     ****     unsigned int i;
 533              		.loc 1 145 105 is_stmt 0 view .LVU170
 534 0000 70B5     		push	{r4, r5, r6, lr}
 535              	.LCFI12:
 536              		.cfi_def_cfa_offset 16
 537              		.cfi_offset 4, -16
 538              		.cfi_offset 5, -12
 539              		.cfi_offset 6, -8
 540              		.cfi_offset 14, -4
 541 0002 0D46     		mov	r5, r1
 542 0004 ADF5007D 		sub	sp, sp, #512
 543              	.LCFI13:
 544              		.cfi_def_cfa_offset 528
 145:polyvec.c     ****     unsigned int i;
 545              		.loc 1 145 105 view .LVU171
 546 0008 1646     		mov	r6, r2
 547 000a 0446     		mov	r4, r0
 548              		.loc 1 149 5 view .LVU172
 549 000c FFF7FEFF 		bl	PQCLEAN_MLKEM512_CLEAN_poly_basemul_montgomery
 550              	.LVL42:
 150:polyvec.c     ****     for (i = 1; i < KYBER_K; i++) {
 551              		.loc 1 150 5 is_stmt 1 view .LVU173
 552              		.loc 1 150 19 discriminator 1 view .LVU174
 151:polyvec.c     ****         PQCLEAN_MLKEM512_CLEAN_poly_basemul_montgomery(&t, &a->vec[i], &b->vec[i]);
 553              		.loc 1 151 9 view .LVU175
 554 0010 06F50072 		add	r2, r6, #512
 555 0014 05F50071 		add	r1, r5, #512
 556 0018 6846     		mov	r0, sp
 557 001a FFF7FEFF 		bl	PQCLEAN_MLKEM512_CLEAN_poly_basemul_montgomery
 558              	.LVL43:
 152:polyvec.c     ****         PQCLEAN_MLKEM512_CLEAN_poly_add(r, r, &t);
 559              		.loc 1 152 9 view .LVU176
 560 001e 6A46     		mov	r2, sp
 561 0020 2146     		mov	r1, r4
 562 0022 2046     		mov	r0, r4
 563 0024 FFF7FEFF 		bl	PQCLEAN_MLKEM512_CLEAN_poly_add
 564              	.LVL44:
 150:polyvec.c     ****     for (i = 1; i < KYBER_K; i++) {
 565              		.loc 1 150 31 discriminator 3 view .LVU177
 150:polyvec.c     ****     for (i = 1; i < KYBER_K; i++) {
 566              		.loc 1 150 19 discriminator 1 view .LVU178
 153:polyvec.c     ****     }
 154:polyvec.c     **** 
 155:polyvec.c     ****     PQCLEAN_MLKEM512_CLEAN_poly_reduce(r);
 567              		.loc 1 155 5 view .LVU179
 568 0028 2046     		mov	r0, r4
 569 002a FFF7FEFF 		bl	PQCLEAN_MLKEM512_CLEAN_poly_reduce
 570              	.LVL45:
 156:polyvec.c     **** }
 571              		.loc 1 156 1 is_stmt 0 view .LVU180
 572 002e 0DF5007D 		add	sp, sp, #512
 573              	.LCFI14:
 574              		.cfi_def_cfa_offset 16
 575              		@ sp needed
 576 0032 70BD     		pop	{r4, r5, r6, pc}
 577              		.loc 1 156 1 view .LVU181
 578              		.cfi_endproc
 579              	.LFE6:
 581              		.section	.text.PQCLEAN_MLKEM512_CLEAN_polyvec_reduce,"ax",%progbits
 582              		.align	1
 583              		.global	PQCLEAN_MLKEM512_CLEAN_polyvec_reduce
 584              		.syntax unified
 585              		.thumb
 586              		.thumb_func
 588              	PQCLEAN_MLKEM512_CLEAN_polyvec_reduce:
 589              	.LVL46:
 590              	.LFB7:
 157:polyvec.c     **** 
 158:polyvec.c     **** /*************************************************
 159:polyvec.c     **** * Name:        PQCLEAN_MLKEM512_CLEAN_polyvec_reduce
 160:polyvec.c     **** *
 161:polyvec.c     **** * Description: Applies Barrett reduction to each coefficient
 162:polyvec.c     **** *              of each element of a vector of polynomials;
 163:polyvec.c     **** *              for details of the Barrett reduction see comments in reduce.c
 164:polyvec.c     **** *
 165:polyvec.c     **** * Arguments:   - polyvec *r: pointer to input/output polynomial
 166:polyvec.c     **** **************************************************/
 167:polyvec.c     **** void PQCLEAN_MLKEM512_CLEAN_polyvec_reduce(polyvec *r) {
 591              		.loc 1 167 56 is_stmt 1 view -0
 592              		.cfi_startproc
 593              		@ args = 0, pretend = 0, frame = 0
 594              		@ frame_needed = 0, uses_anonymous_args = 0
 168:polyvec.c     ****     unsigned int i;
 595              		.loc 1 168 5 view .LVU183
 169:polyvec.c     ****     for (i = 0; i < KYBER_K; i++) {
 596              		.loc 1 169 5 view .LVU184
 597              		.loc 1 169 19 discriminator 1 view .LVU185
 170:polyvec.c     ****         PQCLEAN_MLKEM512_CLEAN_poly_reduce(&r->vec[i]);
 598              		.loc 1 170 9 view .LVU186
 167:polyvec.c     ****     unsigned int i;
 599              		.loc 1 167 56 is_stmt 0 view .LVU187
 600 0000 10B5     		push	{r4, lr}
 601              	.LCFI15:
 602              		.cfi_def_cfa_offset 8
 603              		.cfi_offset 4, -8
 604              		.cfi_offset 14, -4
 167:polyvec.c     ****     unsigned int i;
 605              		.loc 1 167 56 view .LVU188
 606 0002 0446     		mov	r4, r0
 607              		.loc 1 170 9 view .LVU189
 608 0004 FFF7FEFF 		bl	PQCLEAN_MLKEM512_CLEAN_poly_reduce
 609              	.LVL47:
 169:polyvec.c     ****     for (i = 0; i < KYBER_K; i++) {
 610              		.loc 1 169 31 is_stmt 1 discriminator 3 view .LVU190
 169:polyvec.c     ****     for (i = 0; i < KYBER_K; i++) {
 611              		.loc 1 169 19 discriminator 1 view .LVU191
 612              		.loc 1 170 9 view .LVU192
 613 0008 04F50070 		add	r0, r4, #512
 171:polyvec.c     ****     }
 172:polyvec.c     **** }
 614              		.loc 1 172 1 is_stmt 0 view .LVU193
 615 000c BDE81040 		pop	{r4, lr}
 616              	.LCFI16:
 617              		.cfi_restore 14
 618              		.cfi_restore 4
 619              		.cfi_def_cfa_offset 0
 620              	.LVL48:
 170:polyvec.c     ****     }
 621              		.loc 1 170 9 view .LVU194
 622 0010 FFF7FEBF 		b	PQCLEAN_MLKEM512_CLEAN_poly_reduce
 623              	.LVL49:
 170:polyvec.c     ****     }
 624              		.loc 1 170 9 view .LVU195
 625              		.cfi_endproc
 626              	.LFE7:
 628              		.section	.text.PQCLEAN_MLKEM512_CLEAN_polyvec_add,"ax",%progbits
 629              		.align	1
 630              		.global	PQCLEAN_MLKEM512_CLEAN_polyvec_add
 631              		.syntax unified
 632              		.thumb
 633              		.thumb_func
 635              	PQCLEAN_MLKEM512_CLEAN_polyvec_add:
 636              	.LVL50:
 637              	.LFB8:
 173:polyvec.c     **** 
 174:polyvec.c     **** /*************************************************
 175:polyvec.c     **** * Name:        PQCLEAN_MLKEM512_CLEAN_polyvec_add
 176:polyvec.c     **** *
 177:polyvec.c     **** * Description: Add vectors of polynomials
 178:polyvec.c     **** *
 179:polyvec.c     **** * Arguments: - polyvec *r: pointer to output vector of polynomials
 180:polyvec.c     **** *            - const polyvec *a: pointer to first input vector of polynomials
 181:polyvec.c     **** *            - const polyvec *b: pointer to second input vector of polynomials
 182:polyvec.c     **** **************************************************/
 183:polyvec.c     **** void PQCLEAN_MLKEM512_CLEAN_polyvec_add(polyvec *r, const polyvec *a, const polyvec *b) {
 638              		.loc 1 183 89 is_stmt 1 view -0
 639              		.cfi_startproc
 640              		@ args = 0, pretend = 0, frame = 0
 641              		@ frame_needed = 0, uses_anonymous_args = 0
 184:polyvec.c     ****     unsigned int i;
 642              		.loc 1 184 5 view .LVU197
 185:polyvec.c     ****     for (i = 0; i < KYBER_K; i++) {
 643              		.loc 1 185 5 view .LVU198
 644              		.loc 1 185 19 discriminator 1 view .LVU199
 186:polyvec.c     ****         PQCLEAN_MLKEM512_CLEAN_poly_add(&r->vec[i], &a->vec[i], &b->vec[i]);
 645              		.loc 1 186 9 view .LVU200
 183:polyvec.c     ****     unsigned int i;
 646              		.loc 1 183 89 is_stmt 0 view .LVU201
 647 0000 70B5     		push	{r4, r5, r6, lr}
 648              	.LCFI17:
 649              		.cfi_def_cfa_offset 16
 650              		.cfi_offset 4, -16
 651              		.cfi_offset 5, -12
 652              		.cfi_offset 6, -8
 653              		.cfi_offset 14, -4
 183:polyvec.c     ****     unsigned int i;
 654              		.loc 1 183 89 view .LVU202
 655 0002 0446     		mov	r4, r0
 656 0004 0D46     		mov	r5, r1
 657 0006 1646     		mov	r6, r2
 658              		.loc 1 186 9 view .LVU203
 659 0008 FFF7FEFF 		bl	PQCLEAN_MLKEM512_CLEAN_poly_add
 660              	.LVL51:
 185:polyvec.c     ****     for (i = 0; i < KYBER_K; i++) {
 661              		.loc 1 185 31 is_stmt 1 discriminator 3 view .LVU204
 185:polyvec.c     ****     for (i = 0; i < KYBER_K; i++) {
 662              		.loc 1 185 19 discriminator 1 view .LVU205
 663              		.loc 1 186 9 view .LVU206
 664 000c 06F50072 		add	r2, r6, #512
 665 0010 05F50071 		add	r1, r5, #512
 666 0014 04F50070 		add	r0, r4, #512
 187:polyvec.c     ****     }
 188:polyvec.c     **** }
 667              		.loc 1 188 1 is_stmt 0 view .LVU207
 668 0018 BDE87040 		pop	{r4, r5, r6, lr}
 669              	.LCFI18:
 670              		.cfi_restore 14
 671              		.cfi_restore 6
 672              		.cfi_restore 5
 673              		.cfi_restore 4
 674              		.cfi_def_cfa_offset 0
 675              	.LVL52:
 186:polyvec.c     ****     }
 676              		.loc 1 186 9 view .LVU208
 677 001c FFF7FEBF 		b	PQCLEAN_MLKEM512_CLEAN_poly_add
 678              	.LVL53:
 186:polyvec.c     ****     }
 679              		.loc 1 186 9 view .LVU209
 680              		.cfi_endproc
 681              	.LFE8:
 683              		.text
 684              	.Letext0:
 685              		.file 2 "/usr/lib/gcc/arm-none-eabi/14.2.1/include/stdint.h"
 686              		.file 3 "poly.h"
 687              		.file 4 "polyvec.h"
DEFINED SYMBOLS
                            *ABS*:00000000 polyvec.c
     /tmp/ccVILoP7.s:19     .text.PQCLEAN_MLKEM512_CLEAN_polyvec_compress:00000000 $t
     /tmp/ccVILoP7.s:25     .text.PQCLEAN_MLKEM512_CLEAN_polyvec_compress:00000000 PQCLEAN_MLKEM512_CLEAN_polyvec_compress
     /tmp/ccVILoP7.s:182    .text.PQCLEAN_MLKEM512_CLEAN_polyvec_compress:000000a0 $d
     /tmp/ccVILoP7.s:187    .text.PQCLEAN_MLKEM512_CLEAN_polyvec_decompress:00000000 $t
     /tmp/ccVILoP7.s:193    .text.PQCLEAN_MLKEM512_CLEAN_polyvec_decompress:00000000 PQCLEAN_MLKEM512_CLEAN_polyvec_decompress
     /tmp/ccVILoP7.s:317    .text.PQCLEAN_MLKEM512_CLEAN_polyvec_tobytes:00000000 $t
     /tmp/ccVILoP7.s:323    .text.PQCLEAN_MLKEM512_CLEAN_polyvec_tobytes:00000000 PQCLEAN_MLKEM512_CLEAN_polyvec_tobytes
     /tmp/ccVILoP7.s:370    .text.PQCLEAN_MLKEM512_CLEAN_polyvec_frombytes:00000000 $t
     /tmp/ccVILoP7.s:376    .text.PQCLEAN_MLKEM512_CLEAN_polyvec_frombytes:00000000 PQCLEAN_MLKEM512_CLEAN_polyvec_frombytes
     /tmp/ccVILoP7.s:423    .text.PQCLEAN_MLKEM512_CLEAN_polyvec_ntt:00000000 $t
     /tmp/ccVILoP7.s:429    .text.PQCLEAN_MLKEM512_CLEAN_polyvec_ntt:00000000 PQCLEAN_MLKEM512_CLEAN_polyvec_ntt
     /tmp/ccVILoP7.s:470    .text.PQCLEAN_MLKEM512_CLEAN_polyvec_invntt_tomont:00000000 $t
     /tmp/ccVILoP7.s:476    .text.PQCLEAN_MLKEM512_CLEAN_polyvec_invntt_tomont:00000000 PQCLEAN_MLKEM512_CLEAN_polyvec_invntt_tomont
     /tmp/ccVILoP7.s:517    .text.PQCLEAN_MLKEM512_CLEAN_polyvec_basemul_acc_montgomery:00000000 $t
     /tmp/ccVILoP7.s:523    .text.PQCLEAN_MLKEM512_CLEAN_polyvec_basemul_acc_montgomery:00000000 PQCLEAN_MLKEM512_CLEAN_polyvec_basemul_acc_montgomery
     /tmp/ccVILoP7.s:582    .text.PQCLEAN_MLKEM512_CLEAN_polyvec_reduce:00000000 $t
     /tmp/ccVILoP7.s:588    .text.PQCLEAN_MLKEM512_CLEAN_polyvec_reduce:00000000 PQCLEAN_MLKEM512_CLEAN_polyvec_reduce
     /tmp/ccVILoP7.s:629    .text.PQCLEAN_MLKEM512_CLEAN_polyvec_add:00000000 $t
     /tmp/ccVILoP7.s:635    .text.PQCLEAN_MLKEM512_CLEAN_polyvec_add:00000000 PQCLEAN_MLKEM512_CLEAN_polyvec_add

UNDEFINED SYMBOLS
PQCLEAN_MLKEM512_CLEAN_poly_tobytes
PQCLEAN_MLKEM512_CLEAN_poly_frombytes
PQCLEAN_MLKEM512_CLEAN_poly_ntt
PQCLEAN_MLKEM512_CLEAN_poly_invntt_tomont
PQCLEAN_MLKEM512_CLEAN_poly_basemul_montgomery
PQCLEAN_MLKEM512_CLEAN_poly_add
PQCLEAN_MLKEM512_CLEAN_poly_reduce
