   1              	 .cpu cortex-m4
   2              	 .arch armv7e-m
   3              	 .fpu softvfp
   4              	 .eabi_attribute 20,1
   5              	 .eabi_attribute 21,1
   6              	 .eabi_attribute 23,3
   7              	 .eabi_attribute 24,1
   8              	 .eabi_attribute 25,1
   9              	 .eabi_attribute 26,1
  10              	 .eabi_attribute 30,4
  11              	 .eabi_attribute 34,1
  12              	 .eabi_attribute 18,4
  13              	 .file "aes-independant.c"
  14              	 .text
  15              	.Ltext0:
  16              	 .cfi_sections .debug_frame
  17              	 .file 1 ".././crypto/aes-independant.c"
  18              	 .section .text.aes_indep_init,"ax",%progbits
  19              	 .align 1
  20              	 .global aes_indep_init
  21              	 .syntax unified
  22              	 .thumb
  23              	 .thumb_func
  25              	aes_indep_init:
  26              	.LFB0:
   1:.././crypto/aes-independant.c **** /*
   2:.././crypto/aes-independant.c ****     This file is part of the AESExplorer Example Targets
   3:.././crypto/aes-independant.c ****     Copyright (C) 2012 Colin O'Flynn <coflynn@newae.com>
   4:.././crypto/aes-independant.c **** 
   5:.././crypto/aes-independant.c ****     This program is free software: you can redistribute it and/or modify
   6:.././crypto/aes-independant.c ****     it under the terms of the GNU General Public License as published by
   7:.././crypto/aes-independant.c ****     the Free Software Foundation, either version 3 of the License, or
   8:.././crypto/aes-independant.c ****     (at your option) any later version.
   9:.././crypto/aes-independant.c **** 
  10:.././crypto/aes-independant.c ****     This program is distributed in the hope that it will be useful,
  11:.././crypto/aes-independant.c ****     but WITHOUT ANY WARRANTY; without even the implied warranty of
  12:.././crypto/aes-independant.c ****     MERCHANTABILITY or FITNESS FOR A PARTICULAR PURPOSE.  See the
  13:.././crypto/aes-independant.c ****     GNU General Public License for more details.
  14:.././crypto/aes-independant.c **** 
  15:.././crypto/aes-independant.c ****     You should have received a copy of the GNU General Public License
  16:.././crypto/aes-independant.c ****     along with this program.  If not, see <http://www.gnu.org/licenses/>.
  17:.././crypto/aes-independant.c **** */
  18:.././crypto/aes-independant.c **** 
  19:.././crypto/aes-independant.c **** #include "aes-independant.h"
  20:.././crypto/aes-independant.c **** #include "hal.h"
  21:.././crypto/aes-independant.c **** 
  22:.././crypto/aes-independant.c **** #if HWCRYPTO
  23:.././crypto/aes-independant.c **** 
  24:.././crypto/aes-independant.c **** void aes_indep_init(void)
  25:.././crypto/aes-independant.c **** {
  26:.././crypto/aes-independant.c ****     HW_AES128_Init();
  27:.././crypto/aes-independant.c **** }
  28:.././crypto/aes-independant.c **** 
  29:.././crypto/aes-independant.c **** void aes_indep_key(uint8_t * key)
  30:.././crypto/aes-independant.c **** {
  31:.././crypto/aes-independant.c ****     HW_AES128_LoadKey(key);
  32:.././crypto/aes-independant.c **** }
  33:.././crypto/aes-independant.c **** 
  34:.././crypto/aes-independant.c **** void aes_indep_enc_pretrigger(uint8_t * pt)
  35:.././crypto/aes-independant.c **** {
  36:.././crypto/aes-independant.c ****     HW_AES128_Enc_pretrigger(pt);
  37:.././crypto/aes-independant.c **** }
  38:.././crypto/aes-independant.c **** 
  39:.././crypto/aes-independant.c **** void aes_indep_enc_posttrigger(uint8_t * pt)
  40:.././crypto/aes-independant.c **** {
  41:.././crypto/aes-independant.c ****     HW_AES128_Enc_posttrigger(pt);
  42:.././crypto/aes-independant.c **** }
  43:.././crypto/aes-independant.c **** 
  44:.././crypto/aes-independant.c **** void aes_indep_enc(uint8_t * pt)
  45:.././crypto/aes-independant.c **** {
  46:.././crypto/aes-independant.c ****     HW_AES128_Enc(pt);
  47:.././crypto/aes-independant.c **** }
  48:.././crypto/aes-independant.c **** 
  49:.././crypto/aes-independant.c **** void aes_indep_mask(uint8_t * m, uint8_t len)
  50:.././crypto/aes-independant.c **** {
  51:.././crypto/aes-independant.c **** }
  52:.././crypto/aes-independant.c **** 
  53:.././crypto/aes-independant.c **** #elif defined(AVRCRYPTOLIB)
  54:.././crypto/aes-independant.c **** #include "aes128_enc.h"
  55:.././crypto/aes-independant.c **** #include "aes_keyschedule.h"
  56:.././crypto/aes-independant.c **** 
  57:.././crypto/aes-independant.c **** aes128_ctx_t ctx;
  58:.././crypto/aes-independant.c **** 
  59:.././crypto/aes-independant.c **** void aes_indep_init(void)
  60:.././crypto/aes-independant.c **** {
  61:.././crypto/aes-independant.c **** 	;
  62:.././crypto/aes-independant.c **** }
  63:.././crypto/aes-independant.c **** 
  64:.././crypto/aes-independant.c **** void aes_indep_key(uint8_t * key)
  65:.././crypto/aes-independant.c **** {
  66:.././crypto/aes-independant.c **** 	aes128_init(key, &ctx);
  67:.././crypto/aes-independant.c **** }
  68:.././crypto/aes-independant.c **** 
  69:.././crypto/aes-independant.c **** void aes_indep_enc(uint8_t * pt)
  70:.././crypto/aes-independant.c **** {
  71:.././crypto/aes-independant.c **** 	aes128_enc(pt, &ctx); /* encrypting the data block */
  72:.././crypto/aes-independant.c **** }
  73:.././crypto/aes-independant.c **** 
  74:.././crypto/aes-independant.c **** void aes_indep_enc_pretrigger(uint8_t * pt)
  75:.././crypto/aes-independant.c **** {
  76:.././crypto/aes-independant.c ****     ;
  77:.././crypto/aes-independant.c **** }
  78:.././crypto/aes-independant.c **** 
  79:.././crypto/aes-independant.c **** void aes_indep_enc_posttrigger(uint8_t * pt)
  80:.././crypto/aes-independant.c **** {
  81:.././crypto/aes-independant.c ****     ;
  82:.././crypto/aes-independant.c **** }
  83:.././crypto/aes-independant.c **** 
  84:.././crypto/aes-independant.c **** void aes_indep_mask(uint8_t * m, uint8_t len)
  85:.././crypto/aes-independant.c **** {
  86:.././crypto/aes-independant.c **** }
  87:.././crypto/aes-independant.c **** 
  88:.././crypto/aes-independant.c **** #elif defined(SIMPLEAES)
  89:.././crypto/aes-independant.c **** 
  90:.././crypto/aes-independant.c **** uint8_t enckey[16];
  91:.././crypto/aes-independant.c **** 
  92:.././crypto/aes-independant.c **** void aes_indep_init(void)
  93:.././crypto/aes-independant.c **** {
  94:.././crypto/aes-independant.c **** 	;
  95:.././crypto/aes-independant.c **** }
  96:.././crypto/aes-independant.c **** 
  97:.././crypto/aes-independant.c **** void aes_indep_key(uint8_t * key)
  98:.././crypto/aes-independant.c **** {
  99:.././crypto/aes-independant.c **** 	for(uint8_t i=0; i < 16; i++){
 100:.././crypto/aes-independant.c **** 		enckey[i] = key[i];
 101:.././crypto/aes-independant.c **** 	}
 102:.././crypto/aes-independant.c **** }
 103:.././crypto/aes-independant.c **** 
 104:.././crypto/aes-independant.c **** void aes_indep_enc(uint8_t * pt)
 105:.././crypto/aes-independant.c **** {
 106:.././crypto/aes-independant.c **** 	uint8_t * result = aes(pt, enckey);
 107:.././crypto/aes-independant.c **** 	for(uint8_t i=0; i < 16; i++){
 108:.././crypto/aes-independant.c **** 		pt[i] = result[i];
 109:.././crypto/aes-independant.c **** 	}
 110:.././crypto/aes-independant.c **** }
 111:.././crypto/aes-independant.c **** 
 112:.././crypto/aes-independant.c **** void aes_indep_enc_pretrigger(uint8_t * pt)
 113:.././crypto/aes-independant.c **** {
 114:.././crypto/aes-independant.c ****     ;
 115:.././crypto/aes-independant.c **** }
 116:.././crypto/aes-independant.c **** 
 117:.././crypto/aes-independant.c **** void aes_indep_enc_posttrigger(uint8_t * pt)
 118:.././crypto/aes-independant.c **** {
 119:.././crypto/aes-independant.c ****     ;
 120:.././crypto/aes-independant.c **** }
 121:.././crypto/aes-independant.c **** 
 122:.././crypto/aes-independant.c **** void aes_indep_mask(uint8_t * m, uint8_t len)
 123:.././crypto/aes-independant.c **** {
 124:.././crypto/aes-independant.c **** }
 125:.././crypto/aes-independant.c **** 
 126:.././crypto/aes-independant.c **** #elif defined(DPAV4)
 127:.././crypto/aes-independant.c **** 
 128:.././crypto/aes-independant.c **** #include "aes.h"
 129:.././crypto/aes-independant.c **** #include "aes_enc.h"
 130:.././crypto/aes-independant.c **** 
 131:.././crypto/aes-independant.c **** /*  This is the AES RSM 256 encryption function that call the generic AES RSM encryption core*/
 132:.././crypto/aes-independant.c **** void aes256_enc(uint8_t* j, void* buffer, aes256_ctx_t* ctx,uint8_t rng){
 133:.././crypto/aes-independant.c **** 	aes_encrypt_core(j,buffer, (aes_genctx_t*)ctx, 14,(uint8_t)rng);
 134:.././crypto/aes-independant.c **** }
 135:.././crypto/aes-independant.c **** 
 136:.././crypto/aes-independant.c **** aes256_ctx_t ctx;
 137:.././crypto/aes-independant.c **** 
 138:.././crypto/aes-independant.c **** void aes_indep_init(void)
 139:.././crypto/aes-independant.c **** {
 140:.././crypto/aes-independant.c ****     ;
 141:.././crypto/aes-independant.c **** }
 142:.././crypto/aes-independant.c **** 
 143:.././crypto/aes-independant.c **** void aes_indep_key(uint8_t * key)
 144:.././crypto/aes-independant.c **** {
 145:.././crypto/aes-independant.c **** 	aes256_init(key, &ctx);
 146:.././crypto/aes-independant.c **** }
 147:.././crypto/aes-independant.c **** 
 148:.././crypto/aes-independant.c **** void aes_indep_enc(uint8_t * pt)
 149:.././crypto/aes-independant.c **** {
 150:.././crypto/aes-independant.c **** 	static uint8_t j[0];
 151:.././crypto/aes-independant.c **** 
 152:.././crypto/aes-independant.c **** 	//Encryption with trigger enabled
 153:.././crypto/aes-independant.c **** 	aes256_enc(j, pt, &ctx, 1);
 154:.././crypto/aes-independant.c **** }
 155:.././crypto/aes-independant.c **** 
 156:.././crypto/aes-independant.c **** void aes_indep_enc_pretrigger(uint8_t * pt)
 157:.././crypto/aes-independant.c **** {
 158:.././crypto/aes-independant.c ****     ;
 159:.././crypto/aes-independant.c **** }
 160:.././crypto/aes-independant.c **** 
 161:.././crypto/aes-independant.c **** void aes_indep_enc_posttrigger(uint8_t * pt)
 162:.././crypto/aes-independant.c **** {
 163:.././crypto/aes-independant.c ****     ;
 164:.././crypto/aes-independant.c **** }
 165:.././crypto/aes-independant.c **** 
 166:.././crypto/aes-independant.c **** void aes_indep_mask(uint8_t * m, uint8_t len)
 167:.././crypto/aes-independant.c **** {
 168:.././crypto/aes-independant.c **** }
 169:.././crypto/aes-independant.c **** 
 170:.././crypto/aes-independant.c **** #elif defined(TINYAES128C)
 171:.././crypto/aes-independant.c **** 
 172:.././crypto/aes-independant.c **** #include "aes.h"
 173:.././crypto/aes-independant.c **** 
 174:.././crypto/aes-independant.c **** uint8_t enckey[16];
 175:.././crypto/aes-independant.c **** 
 176:.././crypto/aes-independant.c **** void aes_indep_init(void)
 177:.././crypto/aes-independant.c **** {
  27              	 .loc 1 177 1 view-0
  28              	 .cfi_startproc
  29              	 
  30              	 
  31              	 
 178:.././crypto/aes-independant.c **** 	;
  32              	 .loc 1 178 2 view .LVU1
 179:.././crypto/aes-independant.c **** }
  33              	 .loc 1 179 1 is_stmt 0 view .LVU2
  34 0000 7047     	 bx lr
  35              	 .cfi_endproc
  36              	.LFE0:
  38              	 .section .text.aes_indep_key,"ax",%progbits
  39              	 .align 1
  40              	 .global aes_indep_key
  41              	 .syntax unified
  42              	 .thumb
  43              	 .thumb_func
  45              	aes_indep_key:
  46              	.LVL0:
  47              	.LFB1:
 180:.././crypto/aes-independant.c **** 
 181:.././crypto/aes-independant.c **** void aes_indep_key(uint8_t * key)
 182:.././crypto/aes-independant.c **** {
  48              	 .loc 1 182 1 is_stmt 1 view-0
  49              	 .cfi_startproc
  50              	 
  51              	 
  52              	 
 183:.././crypto/aes-independant.c ****     AES128_ECB_indp_setkey(key);
  53              	 .loc 1 183 5 view .LVU4
  54 0000 004B     	 ldr r3,.L3
  55 0002 1847     	 bx r3
  56              	.LVL1:
  57              	.L4:
  58              	 .loc 1 183 5 is_stmt 0 view .LVU5
  59              	 .align 2
  60              	.L3:
  61 0004 00000000 	 .word AES128_ECB_indp_setkey
  62              	 .cfi_endproc
  63              	.LFE1:
  65              	 .section .text.aes_indep_enc,"ax",%progbits
  66              	 .align 1
  67              	 .global aes_indep_enc
  68              	 .syntax unified
  69              	 .thumb
  70              	 .thumb_func
  72              	aes_indep_enc:
  73              	.LVL2:
  74              	.LFB2:
 184:.././crypto/aes-independant.c **** }
 185:.././crypto/aes-independant.c **** 
 186:.././crypto/aes-independant.c **** void aes_indep_enc(uint8_t * pt)
 187:.././crypto/aes-independant.c **** {
  75              	 .loc 1 187 1 is_stmt 1 view-0
  76              	 .cfi_startproc
  77              	 
  78              	 
  79              	 
 188:.././crypto/aes-independant.c **** 	AES128_ECB_indp_crypto(pt);
  80              	 .loc 1 188 2 view .LVU7
  81 0000 004B     	 ldr r3,.L6
  82 0002 1847     	 bx r3
  83              	.LVL3:
  84              	.L7:
  85              	 .loc 1 188 2 is_stmt 0 view .LVU8
  86              	 .align 2
  87              	.L6:
  88 0004 00000000 	 .word AES128_ECB_indp_crypto
  89              	 .cfi_endproc
  90              	.LFE2:
  92              	 .section .text.aes_indep_enc_pretrigger,"ax",%progbits
  93              	 .align 1
  94              	 .global aes_indep_enc_pretrigger
  95              	 .syntax unified
  96              	 .thumb
  97              	 .thumb_func
  99              	aes_indep_enc_pretrigger:
 100              	.LVL4:
 101              	.LFB3:
 189:.././crypto/aes-independant.c **** }
 190:.././crypto/aes-independant.c **** 
 191:.././crypto/aes-independant.c **** void aes_indep_enc_pretrigger(uint8_t * pt)
 192:.././crypto/aes-independant.c **** {
 102              	 .loc 1 192 1 is_stmt 1 view-0
 103              	 .cfi_startproc
 104              	 
 105              	 
 106              	 
 193:.././crypto/aes-independant.c ****     ;
 107              	 .loc 1 193 5 view .LVU10
 194:.././crypto/aes-independant.c **** }
 108              	 .loc 1 194 1 is_stmt 0 view .LVU11
 109 0000 7047     	 bx lr
 110              	 .cfi_endproc
 111              	.LFE3:
 113              	 .section .text.aes_indep_enc_posttrigger,"ax",%progbits
 114              	 .align 1
 115              	 .global aes_indep_enc_posttrigger
 116              	 .syntax unified
 117              	 .thumb
 118              	 .thumb_func
 120              	aes_indep_enc_posttrigger:
 121              	.LFB7:
 122              	 .cfi_startproc
 195:.././crypto/aes-independant.c **** 
 196:.././crypto/aes-independant.c **** void aes_indep_enc_posttrigger(uint8_t * pt)
 123              	 .loc 1 196 6 is_stmt 1 view-0
 124              	 
 125              	 
 126              	 
 127 0000 7047     	 bx lr
 128              	 .cfi_endproc
 129              	.LFE7:
 131              	 .section .text.aes_indep_mask,"ax",%progbits
 132              	 .align 1
 133              	 .global aes_indep_mask
 134              	 .syntax unified
 135              	 .thumb
 136              	 .thumb_func
 138              	aes_indep_mask:
 139              	.LVL5:
 140              	.LFB5:
 197:.././crypto/aes-independant.c **** {
 198:.././crypto/aes-independant.c ****     ;
 199:.././crypto/aes-independant.c **** }
 200:.././crypto/aes-independant.c **** 
 201:.././crypto/aes-independant.c **** void aes_indep_mask(uint8_t * m, uint8_t len)
 202:.././crypto/aes-independant.c **** {
 141              	 .loc 1 202 1 view-0
 142              	 .cfi_startproc
 143              	 
 144              	 
 145              	 
 203:.././crypto/aes-independant.c **** }
 146              	 .loc 1 203 1 view .LVU14
 147 0000 7047     	 bx lr
 148              	 .cfi_endproc
 149              	.LFE5:
 151              	 .global enckey
 152              	 .section .bss.enckey,"aw",%nobits
 155              	enckey:
 156 0000 00000000 	 .space 16
 156      00000000 
 156      00000000 
 156      00000000 
 157              	 .text
 158              	.Letext0:
 159              	 .file 2 ".././crypto/tiny-AES128-C/aes.h"
 160              	 .file 3 "/usr/lib/gcc/arm-none-eabi/14.2.1/include/stdint.h"
DEFINED SYMBOLS
                            *ABS*:00000000 aes-independant.c
    {standard input}:19     .text.aes_indep_init:00000000 $t
    {standard input}:25     .text.aes_indep_init:00000000 aes_indep_init
    {standard input}:39     .text.aes_indep_key:00000000 $t
    {standard input}:45     .text.aes_indep_key:00000000 aes_indep_key
    {standard input}:61     .text.aes_indep_key:00000004 $d
    {standard input}:66     .text.aes_indep_enc:00000000 $t
    {standard input}:72     .text.aes_indep_enc:00000000 aes_indep_enc
    {standard input}:88     .text.aes_indep_enc:00000004 $d
    {standard input}:93     .text.aes_indep_enc_pretrigger:00000000 $t
    {standard input}:99     .text.aes_indep_enc_pretrigger:00000000 aes_indep_enc_pretrigger
    {standard input}:114    .text.aes_indep_enc_posttrigger:00000000 $t
    {standard input}:120    .text.aes_indep_enc_posttrigger:00000000 aes_indep_enc_posttrigger
    {standard input}:132    .text.aes_indep_mask:00000000 $t
    {standard input}:138    .text.aes_indep_mask:00000000 aes_indep_mask
    {standard input}:155    .bss.enckey:00000000 enckey
    {standard input}:156    .bss.enckey:00000000 $d
                           .group:00000000 wm4.0.534b8d408cafabed4abbc6a1c4e55e02
                           .group:00000000 wm4.stdint.h.29.6d480f4ba0f60596e88234283d42444f
                           .group:00000000 wm4.aesindependant.h.40.fa1658f64cee72e2346013cd84c09816
                           .group:00000000 wm4.hal.h.20.4ce509bfa0d05e14954b01d3e94d8ba2
                           .group:00000000 wm4.aes.h.4.cf06fc201d60d48abc47258a872e401d

UNDEFINED SYMBOLS
AES128_ECB_indp_setkey
AES128_ECB_indp_crypto
