   1              	 .cpu cortex-m4
   2              	 .arch armv7e-m
   3              	 .fpu softvfp
   4              	 .eabi_attribute 20,1
   5              	 .eabi_attribute 21,1
   6              	 .eabi_attribute 23,3
   7              	 .eabi_attribute 24,1
   8              	 .eabi_attribute 25,1
   9              	 .eabi_attribute 26,1
  10              	 .eabi_attribute 30,4
  11              	 .eabi_attribute 34,1
  12              	 .eabi_attribute 18,4
  13              	 .file "symmetric-fips202.c"
  14              	 .text
  15              	.Ltext0:
  16              	 .cfi_sections .debug_frame
  17              	 .file 1 "symmetric-fips202.c"
  18              	 .section .text.kyber_shake128_absorb,"ax",%progbits
  19              	 .align 1
  20              	 .global kyber_shake128_absorb
  21              	 .syntax unified
  22              	 .thumb
  23              	 .thumb_func
  25              	kyber_shake128_absorb:
  26              	.LVL0:
  27              	.LFB0:
   1:symmetric-fips202.c **** #include "fips202.h"
   2:symmetric-fips202.c **** #include "params.h"
   3:symmetric-fips202.c **** #include "symmetric.h"
   4:symmetric-fips202.c **** #include <stddef.h>
   5:symmetric-fips202.c **** #include <stdint.h>
   6:symmetric-fips202.c **** #include <string.h>
   7:symmetric-fips202.c **** 
   8:symmetric-fips202.c **** /*************************************************
   9:symmetric-fips202.c **** * Name:        kyber_shake128_absorb
  10:symmetric-fips202.c **** *
  11:symmetric-fips202.c **** * Description: Absorb step of the SHAKE128 specialized for the Kyber context.
  12:symmetric-fips202.c **** *
  13:symmetric-fips202.c **** * Arguments:   - xof_state *state: pointer to (uninitialized) output Keccak state
  14:symmetric-fips202.c **** *              - const uint8_t *seed: pointer to KYBER_SYMBYTES input to be absorbed into state
  15:symmetric-fips202.c **** *              - uint8_t i: additional byte of input
  16:symmetric-fips202.c **** *              - uint8_t j: additional byte of input
  17:symmetric-fips202.c **** **************************************************/
  18:symmetric-fips202.c **** void kyber_shake128_absorb(xof_state *state,
  19:symmetric-fips202.c ****         const uint8_t seed[KYBER_SYMBYTES],
  20:symmetric-fips202.c ****         uint8_t x,
  21:symmetric-fips202.c ****         uint8_t y) {
  28              	 .loc 1 21 20 view-0
  29              	 .cfi_startproc
  30              	 
  31              	 
  22:symmetric-fips202.c ****     uint8_t extseed[KYBER_SYMBYTES + 2];
  32              	 .loc 1 22 5 view .LVU1
  23:symmetric-fips202.c **** 
  24:symmetric-fips202.c ****     memcpy(extseed, seed, KYBER_SYMBYTES);
  33              	 .loc 1 24 5 view .LVU2
  21:symmetric-fips202.c ****     uint8_t extseed[KYBER_SYMBYTES + 2];
  34              	 .loc 1 21 20 is_stmt 0 view .LVU3
  35 0000 F0B5     	 push {r4,r5,r6,r7,lr}
  36              	.LCFI0:
  37              	 .cfi_def_cfa_offset 20
  38              	 .cfi_offset 4,-20
  39              	 .cfi_offset 5,-16
  40              	 .cfi_offset 6,-12
  41              	 .cfi_offset 7,-8
  42              	 .cfi_offset 14,-4
  43 0002 8BB0     	 sub sp,sp,#44
  44              	.LCFI1:
  45              	 .cfi_def_cfa_offset 64
  21:symmetric-fips202.c ****     uint8_t extseed[KYBER_SYMBYTES + 2];
  46              	 .loc 1 21 20 view .LVU4
  47 0004 0646     	 mov r6,r0
  48              	 .loc 1 24 5 view .LVU5
  49 0006 0C46     	 mov r4,r1
  50 0008 01AF     	 add r7,sp,#4
  51 000a 01F1200C 	 add ip,r1,#32
  52              	.LVL1:
  53              	.L2:
  54              	 .loc 1 24 5 view .LVU6
  55 000e 2068     	 ldr r0,[r4]
  56 0010 6168     	 ldr r1,[r4,#4]
  57 0012 3D46     	 mov r5,r7
  58 0014 03C5     	 stmia r5!,{r0,r1}
  59 0016 0834     	 adds r4,r4,#8
  60 0018 6445     	 cmp r4,ip
  61 001a 2F46     	 mov r7,r5
  62 001c F7D1     	 bne .L2
  25:symmetric-fips202.c ****     extseed[KYBER_SYMBYTES + 0] = x;
  63              	 .loc 1 25 5 is_stmt 1 view .LVU7
  64              	 .loc 1 25 33 is_stmt 0 view .LVU8
  65 001e 8DF82420 	 strb r2,[sp,#36]
  26:symmetric-fips202.c ****     extseed[KYBER_SYMBYTES + 1] = y;
  66              	 .loc 1 26 5 is_stmt 1 view .LVU9
  67              	 .loc 1 26 33 is_stmt 0 view .LVU10
  68 0022 8DF82530 	 strb r3,[sp,#37]
  27:symmetric-fips202.c **** 
  28:symmetric-fips202.c ****     shake128_absorb(state, extseed, sizeof(extseed));
  69              	 .loc 1 28 5 is_stmt 1 view .LVU11
  70 0026 2222     	 movs r2,#34
  71              	.LVL2:
  72              	 .loc 1 28 5 is_stmt 0 view .LVU12
  73 0028 024B     	 ldr r3,.L4
  74              	.LVL3:
  75              	 .loc 1 28 5 view .LVU13
  76 002a 01A9     	 add r1,sp,#4
  77 002c 3046     	 mov r0,r6
  78 002e 9847     	 blx r3
  79              	.LVL4:
  29:symmetric-fips202.c **** }
  80              	 .loc 1 29 1 view .LVU14
  81 0030 0BB0     	 add sp,sp,#44
  82              	.LCFI2:
  83              	 .cfi_def_cfa_offset 20
  84              	 
  85 0032 F0BD     	 pop {r4,r5,r6,r7,pc}
  86              	.LVL5:
  87              	.L5:
  88              	 .loc 1 29 1 view .LVU15
  89              	 .align 2
  90              	.L4:
  91 0034 00000000 	 .word shake128_absorb
  92              	 .cfi_endproc
  93              	.LFE0:
  95              	 .section .text.kyber_shake256_prf,"ax",%progbits
  96              	 .align 1
  97              	 .global kyber_shake256_prf
  98              	 .syntax unified
  99              	 .thumb
 100              	 .thumb_func
 102              	kyber_shake256_prf:
 103              	.LVL6:
 104              	.LFB1:
  30:symmetric-fips202.c **** 
  31:symmetric-fips202.c **** /*************************************************
  32:symmetric-fips202.c **** * Name:        kyber_shake256_prf
  33:symmetric-fips202.c **** *
  34:symmetric-fips202.c **** * Description: Usage of SHAKE256 as a PRF, concatenates secret and public input
  35:symmetric-fips202.c **** *              and then generates outlen bytes of SHAKE256 output
  36:symmetric-fips202.c **** *
  37:symmetric-fips202.c **** * Arguments:   - uint8_t *out: pointer to output
  38:symmetric-fips202.c **** *              - size_t outlen: number of requested output bytes
  39:symmetric-fips202.c **** *              - const uint8_t *key: pointer to the key (of length KYBER_SYMBYTES)
  40:symmetric-fips202.c **** *              - uint8_t nonce: single-byte nonce (public PRF input)
  41:symmetric-fips202.c **** **************************************************/
  42:symmetric-fips202.c **** void kyber_shake256_prf(uint8_t *out, size_t outlen, const uint8_t key[KYBER_SYMBYTES], uint8_t non
 105              	 .loc 1 42 104 is_stmt 1 view-0
 106              	 .cfi_startproc
 107              	 
 108              	 
  43:symmetric-fips202.c ****     uint8_t extkey[KYBER_SYMBYTES + 1];
 109              	 .loc 1 43 5 view .LVU17
  44:symmetric-fips202.c **** 
  45:symmetric-fips202.c ****     memcpy(extkey, key, KYBER_SYMBYTES);
 110              	 .loc 1 45 5 view .LVU18
  42:symmetric-fips202.c ****     uint8_t extkey[KYBER_SYMBYTES + 1];
 111              	 .loc 1 42 104 is_stmt 0 view .LVU19
 112 0000 F0B5     	 push {r4,r5,r6,r7,lr}
 113              	.LCFI3:
 114              	 .cfi_def_cfa_offset 20
 115              	 .cfi_offset 4,-20
 116              	 .cfi_offset 5,-16
 117              	 .cfi_offset 6,-12
 118              	 .cfi_offset 7,-8
 119              	 .cfi_offset 14,-4
 120 0002 8BB0     	 sub sp,sp,#44
 121              	.LCFI4:
 122              	 .cfi_def_cfa_offset 64
  42:symmetric-fips202.c ****     uint8_t extkey[KYBER_SYMBYTES + 1];
 123              	 .loc 1 42 104 view .LVU20
 124 0004 0546     	 mov r5,r0
 125 0006 0E46     	 mov r6,r1
 126              	 .loc 1 45 5 view .LVU21
 127 0008 01AF     	 add r7,sp,#4
 128 000a 02F1200C 	 add ip,r2,#32
 129              	.LVL7:
 130              	.L7:
 131              	 .loc 1 45 5 view .LVU22
 132 000e 1068     	 ldr r0,[r2]
 133 0010 5168     	 ldr r1,[r2,#4]
 134 0012 3C46     	 mov r4,r7
 135 0014 03C4     	 stmia r4!,{r0,r1}
 136 0016 0832     	 adds r2,r2,#8
 137 0018 6245     	 cmp r2,ip
 138 001a 2746     	 mov r7,r4
 139 001c F7D1     	 bne .L7
  46:symmetric-fips202.c ****     extkey[KYBER_SYMBYTES] = nonce;
 140              	 .loc 1 46 5 is_stmt 1 view .LVU23
 141              	 .loc 1 46 28 is_stmt 0 view .LVU24
 142 001e 8DF82430 	 strb r3,[sp,#36]
  47:symmetric-fips202.c **** 
  48:symmetric-fips202.c ****     shake256(out, outlen, extkey, sizeof(extkey));
 143              	 .loc 1 48 5 is_stmt 1 view .LVU25
 144 0022 044C     	 ldr r4,.L9
 145 0024 2123     	 movs r3,#33
 146              	.LVL8:
 147              	 .loc 1 48 5 is_stmt 0 view .LVU26
 148 0026 01AA     	 add r2,sp,#4
 149 0028 3146     	 mov r1,r6
 150 002a 2846     	 mov r0,r5
 151 002c A047     	 blx r4
 152              	.LVL9:
  49:symmetric-fips202.c **** }
 153              	 .loc 1 49 1 view .LVU27
 154 002e 0BB0     	 add sp,sp,#44
 155              	.LCFI5:
 156              	 .cfi_def_cfa_offset 20
 157              	 
 158 0030 F0BD     	 pop {r4,r5,r6,r7,pc}
 159              	.LVL10:
 160              	.L10:
 161              	 .loc 1 49 1 view .LVU28
 162 0032 00BF     	 .align 2
 163              	.L9:
 164 0034 00000000 	 .word shake256
 165              	 .cfi_endproc
 166              	.LFE1:
 168              	 .section .text.kyber_shake256_rkprf,"ax",%progbits
 169              	 .align 1
 170              	 .global kyber_shake256_rkprf
 171              	 .syntax unified
 172              	 .thumb
 173              	 .thumb_func
 175              	kyber_shake256_rkprf:
 176              	.LVL11:
 177              	.LFB2:
  50:symmetric-fips202.c **** 
  51:symmetric-fips202.c **** /*************************************************
  52:symmetric-fips202.c **** * Name:        kyber_shake256_prf
  53:symmetric-fips202.c **** *
  54:symmetric-fips202.c **** * Description: Usage of SHAKE256 as a PRF, concatenates secret and public input
  55:symmetric-fips202.c **** *              and then generates outlen bytes of SHAKE256 output
  56:symmetric-fips202.c **** *
  57:symmetric-fips202.c **** * Arguments:   - uint8_t *out: pointer to output
  58:symmetric-fips202.c **** *              - size_t outlen: number of requested output bytes
  59:symmetric-fips202.c **** *              - const uint8_t *key: pointer to the key (of length KYBER_SYMBYTES)
  60:symmetric-fips202.c **** *              - uint8_t nonce: single-byte nonce (public PRF input)
  61:symmetric-fips202.c **** **************************************************/
  62:symmetric-fips202.c **** void kyber_shake256_rkprf(uint8_t out[KYBER_SSBYTES], const uint8_t key[KYBER_SYMBYTES], const uint
 178              	 .loc 1 62 134 is_stmt 1 view-0
 179              	 .cfi_startproc
 180              	 
 181              	 
  63:symmetric-fips202.c ****     shake256incctx s;
 182              	 .loc 1 63 5 view .LVU30
  64:symmetric-fips202.c **** 
  65:symmetric-fips202.c ****     shake256_inc_init(&s);
 183              	 .loc 1 65 5 view .LVU31
  62:symmetric-fips202.c ****     shake256incctx s;
 184              	 .loc 1 62 134 is_stmt 0 view .LVU32
 185 0000 70B5     	 push {r4,r5,r6,lr}
 186              	.LCFI6:
 187              	 .cfi_def_cfa_offset 16
 188              	 .cfi_offset 4,-16
 189              	 .cfi_offset 5,-12
 190              	 .cfi_offset 6,-8
 191              	 .cfi_offset 14,-4
 192 0002 B4B0     	 sub sp,sp,#208
 193              	.LCFI7:
 194              	 .cfi_def_cfa_offset 224
 195              	 .loc 1 65 5 view .LVU33
 196 0004 0E4B     	 ldr r3,.L12
  62:symmetric-fips202.c ****     shake256incctx s;
 197              	 .loc 1 62 134 view .LVU34
 198 0006 0446     	 mov r4,r0
 199 0008 0E46     	 mov r6,r1
 200              	 .loc 1 65 5 view .LVU35
 201 000a 6846     	 mov r0,sp
 202              	.LVL12:
  62:symmetric-fips202.c ****     shake256incctx s;
 203              	 .loc 1 62 134 view .LVU36
 204 000c 1546     	 mov r5,r2
 205              	 .loc 1 65 5 view .LVU37
 206 000e 9847     	 blx r3
 207              	.LVL13:
  66:symmetric-fips202.c ****     shake256_inc_absorb(&s, key, KYBER_SYMBYTES);
 208              	 .loc 1 66 5 is_stmt 1 view .LVU38
 209 0010 3146     	 mov r1,r6
 210 0012 6846     	 mov r0,sp
 211 0014 0B4E     	 ldr r6,.L12+4
 212              	.LVL14:
 213              	 .loc 1 66 5 is_stmt 0 view .LVU39
 214 0016 2022     	 movs r2,#32
 215 0018 B047     	 blx r6
 216              	.LVL15:
  67:symmetric-fips202.c ****     shake256_inc_absorb(&s, input, KYBER_CIPHERTEXTBYTES);
 217              	 .loc 1 67 5 is_stmt 1 view .LVU40
 218 001a 2946     	 mov r1,r5
 219 001c 4FF44072 	 mov r2,#768
 220 0020 6846     	 mov r0,sp
 221 0022 B047     	 blx r6
 222              	.LVL16:
  68:symmetric-fips202.c ****     shake256_inc_finalize(&s);
 223              	 .loc 1 68 5 view .LVU41
 224 0024 6846     	 mov r0,sp
 225 0026 084B     	 ldr r3,.L12+8
 226 0028 9847     	 blx r3
 227              	.LVL17:
  69:symmetric-fips202.c ****     shake256_inc_squeeze(out, KYBER_SSBYTES, &s);
 228              	 .loc 1 69 5 view .LVU42
 229 002a 6A46     	 mov r2,sp
 230 002c 2021     	 movs r1,#32
 231 002e 2046     	 mov r0,r4
 232 0030 064B     	 ldr r3,.L12+12
 233 0032 9847     	 blx r3
 234              	.LVL18:
  70:symmetric-fips202.c ****     shake256_inc_ctx_release(&s);
 235              	 .loc 1 70 5 view .LVU43
 236 0034 064B     	 ldr r3,.L12+16
 237 0036 6846     	 mov r0,sp
 238 0038 9847     	 blx r3
 239              	.LVL19:
  71:symmetric-fips202.c **** }...
 240              	 .loc 1 71 1 is_stmt 0 view .LVU44
 241 003a 34B0     	 add sp,sp,#208
 242              	.LCFI8:
 243              	 .cfi_def_cfa_offset 16
 244              	 
 245 003c 70BD     	 pop {r4,r5,r6,pc}
 246              	.LVL20:
 247              	.L13:
 248              	 .loc 1 71 1 view .LVU45
 249 003e 00BF     	 .align 2
 250              	.L12:
 251 0040 00000000 	 .word shake256_inc_init
 252 0044 00000000 	 .word shake256_inc_absorb
 253 0048 00000000 	 .word shake256_inc_finalize
 254 004c 00000000 	 .word shake256_inc_squeeze
 255 0050 00000000 	 .word shake256_inc_ctx_release
 256              	 .cfi_endproc
 257              	.LFE2:
 259              	 .text
 260              	.Letext0:
 261              	 .file 2 "/usr/lib/gcc/arm-none-eabi/13.2.1/include/stddef.h"
 262              	 .file 3 "/usr/lib/gcc/arm-none-eabi/13.2.1/include/stdint.h"
 263              	 .file 4 "fips202.h"
 264              	 .file 5 "symmetric.h"
 265              	 .file 6 "/usr/include/newlib/string.h"
DEFINED SYMBOLS
                            *ABS*:00000000 symmetric-fips202.c
    {standard input}:19     .text.kyber_shake128_absorb:00000000 $t
    {standard input}:25     .text.kyber_shake128_absorb:00000000 kyber_shake128_absorb
    {standard input}:91     .text.kyber_shake128_absorb:00000034 $d
    {standard input}:96     .text.kyber_shake256_prf:00000000 $t
    {standard input}:102    .text.kyber_shake256_prf:00000000 kyber_shake256_prf
    {standard input}:164    .text.kyber_shake256_prf:00000034 $d
    {standard input}:169    .text.kyber_shake256_rkprf:00000000 $t
    {standard input}:175    .text.kyber_shake256_rkprf:00000000 kyber_shake256_rkprf
    {standard input}:251    .text.kyber_shake256_rkprf:00000040 $d
                           .group:00000000 wm4.0.ade4f9eb57a3e60dd8a456a9e838da1f
                           .group:00000000 wm4.stddef.h.39.38eb7ec030421799c657b13be5aa21c7
                           .group:00000000 wm4.stdint.h.29.6d480f4ba0f60596e88234283d42444f
                           .group:00000000 wm4.fips202.h.8.2cc74cbc0cc47480e2382b93618e92e9
                           .group:00000000 wm4.params.h.2.d902bb26d9fbc1e1d74ad483d256421a
                           .group:00000000 wm4.symmetric.h.19.6b8561598e1aa7d234e26b33934c066b
                           .group:00000000 wm4._newlib_version.h.4.411db44ea2338a62eca2f0777f81481b
                           .group:00000000 wm4.newlib.h.27.07bf1b8b16da454ae07478107717878b
                           .group:00000000 wm4.ieeefp.h.77.fbf6f2f498a71d39a0aaf172d6680419
                           .group:00000000 wm4.features.h.22.c11ecc6cb8b914ead0c0895c00b4b4d5
                           .group:00000000 wm4.config.h.224.10ee1ad185d877c6e334e6581faab44d
                           .group:00000000 wm4._ansi.h.31.de524f58584151836e90d8620a16f8e8
                           .group:00000000 wm4._default_types.h.6.959254cf5f09734ea7516c89e8bb21bd
                           .group:00000000 wm4.cdefs.h.49.a0dc0a4a6c7d01e2e5d0aade9399215f
                           .group:00000000 wm4._types.h.20.dd0d04dca3800a0d2a6129b87f3adbb2
                           .group:00000000 wm4.stddef.h.158.6f8e08a347b1cff664332fa350bfceb3
                           .group:00000000 wm4._types.h.127.3bdfe3ff8ea2d0985b03d9cbe93480e3
                           .group:00000000 wm4.reent.h.18.25503cdc8b7e55dd0d6ea7b3e5af7a03
                           .group:00000000 wm4.lock.h.2.c0958401bd0ce484d507ee19aacab817
                           .group:00000000 wm4.reent.h.78.7f0775353a33c852a1479c008f68cd03
                           .group:00000000 wm4.string.h.15.dab3980bf35408a4c507182805e2de3a
                           .group:00000000 wm4.stddef.h.158.eec8bf00b5213f43d095cb984c5f22e3

UNDEFINED SYMBOLS
shake128_absorb
shake256
shake256_inc_init
shake256_inc_absorb
shake256_inc_finalize
shake256_inc_squeeze
shake256_inc_ctx_release
