   1              	 .cpu cortex-m4
   2              	 .arch armv7e-m
   3              	 .fpu softvfp
   4              	 .eabi_attribute 20,1
   5              	 .eabi_attribute 21,1
   6              	 .eabi_attribute 23,3
   7              	 .eabi_attribute 24,1
   8              	 .eabi_attribute 25,1
   9              	 .eabi_attribute 26,1
  10              	 .eabi_attribute 30,4
  11              	 .eabi_attribute 34,1
  12              	 .eabi_attribute 18,4
  13              	 .file "uart.c"
  14              	 .text
  15              	.Ltext0:
  16              	 .cfi_sections .debug_frame
  17              	 .file 1 ".././hal//sam4s/uart.c"
  18              	 .section .text.uart_init,"ax",%progbits
  19              	 .align 1
  20              	 .global uart_init
  21              	 .syntax unified
  22              	 .thumb
  23              	 .thumb_func
  25              	uart_init:
  26              	.LVL0:
  27              	.LFB136:
   1:.././hal//sam4s/uart.c **** /**
   2:.././hal//sam4s/uart.c ****  * \file
   3:.././hal//sam4s/uart.c ****  *
   4:.././hal//sam4s/uart.c ****  * \brief Universal Asynchronous Receiver Transceiver (UART) driver for SAM.
   5:.././hal//sam4s/uart.c ****  *
   6:.././hal//sam4s/uart.c ****  * Copyright (c) 2011-2018 Microchip Technology Inc. and its subsidiaries.
   7:.././hal//sam4s/uart.c ****  *
   8:.././hal//sam4s/uart.c ****  * \asf_license_start
   9:.././hal//sam4s/uart.c ****  *
  10:.././hal//sam4s/uart.c ****  * \page License
  11:.././hal//sam4s/uart.c ****  *
  12:.././hal//sam4s/uart.c ****  * Subject to your compliance with these terms, you may use Microchip
  13:.././hal//sam4s/uart.c ****  * software and any derivatives exclusively with Microchip products.
  14:.././hal//sam4s/uart.c ****  * It is your responsibility to comply with third party license terms applicable
  15:.././hal//sam4s/uart.c ****  * to your use of third party software (including open source software) that
  16:.././hal//sam4s/uart.c ****  * may accompany Microchip software.
  17:.././hal//sam4s/uart.c ****  *
  18:.././hal//sam4s/uart.c ****  * THIS SOFTWARE IS SUPPLIED BY MICROCHIP "AS IS". NO WARRANTIES,
  19:.././hal//sam4s/uart.c ****  * WHETHER EXPRESS, IMPLIED OR STATUTORY, APPLY TO THIS SOFTWARE,
  20:.././hal//sam4s/uart.c ****  * INCLUDING ANY IMPLIED WARRANTIES OF NON-INFRINGEMENT, MERCHANTABILITY,
  21:.././hal//sam4s/uart.c ****  * AND FITNESS FOR A PARTICULAR PURPOSE. IN NO EVENT WILL MICROCHIP BE
  22:.././hal//sam4s/uart.c ****  * LIABLE FOR ANY INDIRECT, SPECIAL, PUNITIVE, INCIDENTAL OR CONSEQUENTIAL
  23:.././hal//sam4s/uart.c ****  * LOSS, DAMAGE, COST OR EXPENSE OF ANY KIND WHATSOEVER RELATED TO THE
  24:.././hal//sam4s/uart.c ****  * SOFTWARE, HOWEVER CAUSED, EVEN IF MICROCHIP HAS BEEN ADVISED OF THE
  25:.././hal//sam4s/uart.c ****  * POSSIBILITY OR THE DAMAGES ARE FORESEEABLE.  TO THE FULLEST EXTENT
  26:.././hal//sam4s/uart.c ****  * ALLOWED BY LAW, MICROCHIP'S TOTAL LIABILITY ON ALL CLAIMS IN ANY WAY
  27:.././hal//sam4s/uart.c ****  * RELATED TO THIS SOFTWARE WILL NOT EXCEED THE AMOUNT OF FEES, IF ANY,
  28:.././hal//sam4s/uart.c ****  * THAT YOU HAVE PAID DIRECTLY TO MICROCHIP FOR THIS SOFTWARE.
  29:.././hal//sam4s/uart.c ****  *
  30:.././hal//sam4s/uart.c ****  * \asf_license_stop
  31:.././hal//sam4s/uart.c ****  *
  32:.././hal//sam4s/uart.c ****  */
  33:.././hal//sam4s/uart.c **** /*
  34:.././hal//sam4s/uart.c ****  * Support and FAQ: visit <a href="https://www.microchip.com/support/">Microchip Support</a>
  35:.././hal//sam4s/uart.c ****  */
  36:.././hal//sam4s/uart.c **** 
  37:.././hal//sam4s/uart.c **** #include "uart.h"
  38:.././hal//sam4s/uart.c **** 
  39:.././hal//sam4s/uart.c **** /// @cond 0
  40:.././hal//sam4s/uart.c **** /**INDENT-OFF**/
  41:.././hal//sam4s/uart.c **** #ifdef __cplusplus
  42:.././hal//sam4s/uart.c **** extern "C" {
  43:.././hal//sam4s/uart.c **** #endif
  44:.././hal//sam4s/uart.c **** /**INDENT-ON**/
  45:.././hal//sam4s/uart.c **** /// @endcond
  46:.././hal//sam4s/uart.c **** 
  47:.././hal//sam4s/uart.c **** /**
  48:.././hal//sam4s/uart.c ****  * \defgroup sam_drivers_uart_group Universal Asynchronous Receiver Transceiver (UART)
  49:.././hal//sam4s/uart.c ****  *
  50:.././hal//sam4s/uart.c ****  * The Universal Asynchronous Receiver Transmitter features a two-pin UART that
  51:.././hal//sam4s/uart.c ****  * can be used for communication and trace purposes and offers an ideal medium
  52:.././hal//sam4s/uart.c ****  * for in-situ programming solutions. Moreover, the association with two
  53:.././hal//sam4s/uart.c ****  * peripheral DMA controller (PDC) channels permits packet handling for these
  54:.././hal//sam4s/uart.c ****  * tasks with processor time reduced to a minimum.
  55:.././hal//sam4s/uart.c ****  *
  56:.././hal//sam4s/uart.c ****  * \par Usage
  57:.././hal//sam4s/uart.c ****  *
  58:.././hal//sam4s/uart.c ****  * -# Enable the UART peripheral clock in the PMC.
  59:.././hal//sam4s/uart.c ****  * -# Enable the required UART PIOs (see pio.h).
  60:.././hal//sam4s/uart.c ****  * -# Configure the UART by calling uart_init.
  61:.././hal//sam4s/uart.c ****  * -# Send data through the UART using the uart_write.
  62:.././hal//sam4s/uart.c ****  * -# Receive data from the UART using the uart_read; the availability of data
  63:.././hal//sam4s/uart.c ****  *    can be polled with uart_is_rx_ready.
  64:.././hal//sam4s/uart.c ****  * -# Disable the transmitter and/or the receiver of the UART with
  65:.././hal//sam4s/uart.c ****  *    uart_disable_tx and uart_disable_rx.
  66:.././hal//sam4s/uart.c ****  *
  67:.././hal//sam4s/uart.c ****  * @{
  68:.././hal//sam4s/uart.c ****  */
  69:.././hal//sam4s/uart.c **** 
  70:.././hal//sam4s/uart.c **** /**
  71:.././hal//sam4s/uart.c ****  * \brief Configure UART with the specified parameters.
  72:.././hal//sam4s/uart.c ****  *
  73:.././hal//sam4s/uart.c ****  * \note The PMC and PIOs must be configured first.
  74:.././hal//sam4s/uart.c ****  *
  75:.././hal//sam4s/uart.c ****  * \param p_uart Pointer to a UART instance.
  76:.././hal//sam4s/uart.c ****  * \param p_uart_opt Pointer to sam_uart_opt_t instance.
  77:.././hal//sam4s/uart.c ****  *
  78:.././hal//sam4s/uart.c ****  * \retval 0 Success.
  79:.././hal//sam4s/uart.c ****  * \retval 1 Bad baud rate generator value.
  80:.././hal//sam4s/uart.c ****  */
  81:.././hal//sam4s/uart.c **** uint32_t uart_init(Uart *p_uart, const sam_uart_opt_t *p_uart_opt)
  82:.././hal//sam4s/uart.c **** {
  28              	 .loc 1 82 1 view-0
  29              	 .cfi_startproc
  30              	 
  31              	 
  83:.././hal//sam4s/uart.c **** 	uint32_t cd = 0;
  32              	 .loc 1 83 2 view .LVU1
  84:.././hal//sam4s/uart.c **** 
  85:.././hal//sam4s/uart.c **** 	/* Reset and disable receiver & transmitter */
  86:.././hal//sam4s/uart.c **** 	p_uart->UART_CR = UART_CR_RSTRX | UART_CR_RSTTX
  33              	 .loc 1 86 2 view .LVU2
  34              	 .loc 1 86 18 is_stmt 0 view .LVU3
  35 0000 AC23     	 movs r3,#172
  82:.././hal//sam4s/uart.c **** 	uint32_t cd = 0;
  36              	 .loc 1 82 1 view .LVU4
  37 0002 10B5     	 push {r4,lr}
  38              	.LCFI0:
  39              	 .cfi_def_cfa_offset 8
  40              	 .cfi_offset 4,-8
  41              	 .cfi_offset 14,-4
  42              	 .loc 1 86 18 view .LVU5
  43 0004 0360     	 str r3,[r0]
  87:.././hal//sam4s/uart.c **** 			| UART_CR_RXDIS | UART_CR_TXDIS;
  88:.././hal//sam4s/uart.c **** 
  89:.././hal//sam4s/uart.c **** 	/* Check and configure baudrate */
  90:.././hal//sam4s/uart.c **** 	/* Asynchronous, no oversampling */
  91:.././hal//sam4s/uart.c **** 	cd = (p_uart_opt->ul_mck / p_uart_opt->ul_baudrate) / UART_MCK_DIV;
  44              	 .loc 1 91 2 is_stmt 1 view .LVU6
  45              	 .loc 1 91 27 is_stmt 0 view .LVU7
  46 0006 D1E90032 	 ldrd r3,r2,[r1]
  47 000a B3FBF2F3 	 udiv r3,r3,r2
  48              	 .loc 1 91 5 view .LVU8
  49 000e 1B09     	 lsrs r3,r3,#4
  50              	.LVL1:
  92:.././hal//sam4s/uart.c **** 	if (cd < UART_MCK_DIV_MIN_FACTOR || cd > UART_MCK_DIV_MAX_FACTOR)
  51              	 .loc 1 92 2 is_stmt 1 view .LVU9
  52              	 .loc 1 92 35 is_stmt 0 view .LVU10
  53 0010 5C1E     	 subs r4,r3,#1
  54              	 .loc 1 92 5 view .LVU11
  55 0012 4FF6FE72 	 movw r2,#65534
  56 0016 9442     	 cmp r4,r2
  57 0018 0AD8     	 bhi .L3
  93:.././hal//sam4s/uart.c **** 		return 1;
  94:.././hal//sam4s/uart.c **** 
  95:.././hal//sam4s/uart.c **** 	p_uart->UART_BRGR = cd;
  58              	 .loc 1 95 2 is_stmt 1 view .LVU12
  59              	 .loc 1 95 20 is_stmt 0 view .LVU13
  60 001a 0362     	 str r3,[r0,#32]
  96:.././hal//sam4s/uart.c **** 	/* Configure mode */
  97:.././hal//sam4s/uart.c **** 	p_uart->UART_MR = p_uart_opt->ul_mode;
  61              	 .loc 1 97 2 is_stmt 1 view .LVU14
  62              	 .loc 1 97 30 is_stmt 0 view .LVU15
  63 001c 8B68     	 ldr r3,[r1,#8]
  64              	.LVL2:
  65              	 .loc 1 97 18 view .LVU16
  66 001e 4360     	 str r3,[r0,#4]
  67              	.LVL3:
  98:.././hal//sam4s/uart.c **** 
  99:.././hal//sam4s/uart.c **** #if (!SAMV71 && !SAMV70 && !SAME70 && !SAMS70)
 100:.././hal//sam4s/uart.c **** 	/* Disable PDC channel */
 101:.././hal//sam4s/uart.c **** 	p_uart->UART_PTCR = UART_PTCR_RXTDIS | UART_PTCR_TXTDIS;
  68              	 .loc 1 101 2 is_stmt 1 view .LVU17
  69              	 .loc 1 101 20 is_stmt 0 view .LVU18
  70 0020 40F20223 	 movw r3,#514
  71 0024 C0F82031 	 str r3,[r0,#288]
 102:.././hal//sam4s/uart.c **** #endif
 103:.././hal//sam4s/uart.c **** 
 104:.././hal//sam4s/uart.c **** 	/* Enable receiver and transmitter */
 105:.././hal//sam4s/uart.c **** 	p_uart->UART_CR = UART_CR_RXEN | UART_CR_TXEN;
  72              	 .loc 1 105 2 is_stmt 1 view .LVU19
  73              	 .loc 1 105 18 is_stmt 0 view .LVU20
  74 0028 5023     	 movs r3,#80
  75 002a 0360     	 str r3,[r0]
 106:.././hal//sam4s/uart.c **** 
 107:.././hal//sam4s/uart.c **** 	return 0;
  76              	 .loc 1 107 2 is_stmt 1 view .LVU21
  77              	 .loc 1 107 9 is_stmt 0 view .LVU22
  78 002c 0020     	 movs r0,#0
  79              	.LVL4:
  80              	.L1:
 108:.././hal//sam4s/uart.c **** }
  81              	 .loc 1 108 1 view .LVU23
  82 002e 10BD     	 pop {r4,pc}
  83              	.LVL5:
  84              	.L3:
  93:.././hal//sam4s/uart.c **** 
  85              	 .loc 1 93 10 view .LVU24
  86 0030 0120     	 movs r0,#1
  87              	.LVL6:
  93:.././hal//sam4s/uart.c **** 
  88              	 .loc 1 93 10 view .LVU25
  89 0032 FCE7     	 b .L1
  90              	 .cfi_endproc
  91              	.LFE136:
  93              	 .section .text.uart_enable_tx,"ax",%progbits
  94              	 .align 1
  95              	 .global uart_enable_tx
  96              	 .syntax unified
  97              	 .thumb
  98              	 .thumb_func
 100              	uart_enable_tx:
 101              	.LVL7:
 102              	.LFB137:
 109:.././hal//sam4s/uart.c **** 
 110:.././hal//sam4s/uart.c **** /**
 111:.././hal//sam4s/uart.c ****  * \brief Enable UART transmitter.
 112:.././hal//sam4s/uart.c ****  *
 113:.././hal//sam4s/uart.c ****  * \param p_uart Pointer to a UART instance.
 114:.././hal//sam4s/uart.c ****  */
 115:.././hal//sam4s/uart.c **** void uart_enable_tx(Uart *p_uart)
 116:.././hal//sam4s/uart.c **** {
 103              	 .loc 1 116 1 is_stmt 1 view-0
 104              	 .cfi_startproc
 105              	 
 106              	 
 107              	 
 117:.././hal//sam4s/uart.c **** 	/* Enable transmitter */
 118:.././hal//sam4s/uart.c **** 	p_uart->UART_CR = UART_CR_TXEN;
 108              	 .loc 1 118 2 view .LVU27
 109              	 .loc 1 118 18 is_stmt 0 view .LVU28
 110 0000 4023     	 movs r3,#64
 111 0002 0360     	 str r3,[r0]
 119:.././hal//sam4s/uart.c **** }
 112              	 .loc 1 119 1 view .LVU29
 113 0004 7047     	 bx lr
 114              	 .cfi_endproc
 115              	.LFE137:
 117              	 .section .text.uart_disable_tx,"ax",%progbits
 118              	 .align 1
 119              	 .global uart_disable_tx
 120              	 .syntax unified
 121              	 .thumb
 122              	 .thumb_func
 124              	uart_disable_tx:
 125              	.LVL8:
 126              	.LFB138:
 120:.././hal//sam4s/uart.c **** 
 121:.././hal//sam4s/uart.c **** /**
 122:.././hal//sam4s/uart.c ****  * \brief Disable UART transmitter.
 123:.././hal//sam4s/uart.c ****  *
 124:.././hal//sam4s/uart.c ****  * \param p_uart Pointer to a UART instance.
 125:.././hal//sam4s/uart.c ****  */
 126:.././hal//sam4s/uart.c **** void uart_disable_tx(Uart *p_uart)
 127:.././hal//sam4s/uart.c **** {
 127              	 .loc 1 127 1 is_stmt 1 view-0
 128              	 .cfi_startproc
 129              	 
 130              	 
 131              	 
 128:.././hal//sam4s/uart.c **** 	/* Disable transmitter */
 129:.././hal//sam4s/uart.c **** 	p_uart->UART_CR = UART_CR_TXDIS;
 132              	 .loc 1 129 2 view .LVU31
 133              	 .loc 1 129 18 is_stmt 0 view .LVU32
 134 0000 8023     	 movs r3,#128
 135 0002 0360     	 str r3,[r0]
 130:.././hal//sam4s/uart.c **** }
 136              	 .loc 1 130 1 view .LVU33
 137 0004 7047     	 bx lr
 138              	 .cfi_endproc
 139              	.LFE138:
 141              	 .section .text.uart_reset_tx,"ax",%progbits
 142              	 .align 1
 143              	 .global uart_reset_tx
 144              	 .syntax unified
 145              	 .thumb
 146              	 .thumb_func
 148              	uart_reset_tx:
 149              	.LVL9:
 150              	.LFB139:
 131:.././hal//sam4s/uart.c **** 
 132:.././hal//sam4s/uart.c **** /**
 133:.././hal//sam4s/uart.c ****  * \brief Reset UART transmitter.
 134:.././hal//sam4s/uart.c ****  *
 135:.././hal//sam4s/uart.c ****  * \param p_uart Pointer to a UART instance.
 136:.././hal//sam4s/uart.c ****  */
 137:.././hal//sam4s/uart.c **** void uart_reset_tx(Uart *p_uart)
 138:.././hal//sam4s/uart.c **** {
 151              	 .loc 1 138 1 is_stmt 1 view-0
 152              	 .cfi_startproc
 153              	 
 154              	 
 155              	 
 139:.././hal//sam4s/uart.c **** 	/* Reset transmitter */
 140:.././hal//sam4s/uart.c **** 	p_uart->UART_CR = UART_CR_RSTTX | UART_CR_TXDIS;
 156              	 .loc 1 140 2 view .LVU35
 157              	 .loc 1 140 18 is_stmt 0 view .LVU36
 158 0000 8823     	 movs r3,#136
 159 0002 0360     	 str r3,[r0]
 141:.././hal//sam4s/uart.c **** }
 160              	 .loc 1 141 1 view .LVU37
 161 0004 7047     	 bx lr
 162              	 .cfi_endproc
 163              	.LFE139:
 165              	 .section .text.uart_enable_rx,"ax",%progbits
 166              	 .align 1
 167              	 .global uart_enable_rx
 168              	 .syntax unified
 169              	 .thumb
 170              	 .thumb_func
 172              	uart_enable_rx:
 173              	.LVL10:
 174              	.LFB140:
 142:.././hal//sam4s/uart.c **** 
 143:.././hal//sam4s/uart.c **** /**
 144:.././hal//sam4s/uart.c ****  * \brief Enable UART receiver.
 145:.././hal//sam4s/uart.c ****  *
 146:.././hal//sam4s/uart.c ****  * \param p_uart Pointer to a UART instance.
 147:.././hal//sam4s/uart.c ****  */
 148:.././hal//sam4s/uart.c **** void uart_enable_rx(Uart *p_uart)
 149:.././hal//sam4s/uart.c **** {
 175              	 .loc 1 149 1 is_stmt 1 view-0
 176              	 .cfi_startproc
 177              	 
 178              	 
 179              	 
 150:.././hal//sam4s/uart.c **** 	/* Enable receiver */
 151:.././hal//sam4s/uart.c **** 	p_uart->UART_CR = UART_CR_RXEN;
 180              	 .loc 1 151 2 view .LVU39
 181              	 .loc 1 151 18 is_stmt 0 view .LVU40
 182 0000 1023     	 movs r3,#16
 183 0002 0360     	 str r3,[r0]
 152:.././hal//sam4s/uart.c **** }
 184              	 .loc 1 152 1 view .LVU41
 185 0004 7047     	 bx lr
 186              	 .cfi_endproc
 187              	.LFE140:
 189              	 .section .text.uart_disable_rx,"ax",%progbits
 190              	 .align 1
 191              	 .global uart_disable_rx
 192              	 .syntax unified
 193              	 .thumb
 194              	 .thumb_func
 196              	uart_disable_rx:
 197              	.LVL11:
 198              	.LFB141:
 153:.././hal//sam4s/uart.c **** 
 154:.././hal//sam4s/uart.c **** /**
 155:.././hal//sam4s/uart.c ****  * \brief Disable UART receiver.
 156:.././hal//sam4s/uart.c ****  *
 157:.././hal//sam4s/uart.c ****  * \param p_uart Pointer to a UART instance.
 158:.././hal//sam4s/uart.c ****  */
 159:.././hal//sam4s/uart.c **** void uart_disable_rx(Uart *p_uart)
 160:.././hal//sam4s/uart.c **** {
 199              	 .loc 1 160 1 is_stmt 1 view-0
 200              	 .cfi_startproc
 201              	 
 202              	 
 203              	 
 161:.././hal//sam4s/uart.c **** 	/* Disable receiver */
 162:.././hal//sam4s/uart.c **** 	p_uart->UART_CR = UART_CR_RXDIS;
 204              	 .loc 1 162 2 view .LVU43
 205              	 .loc 1 162 18 is_stmt 0 view .LVU44
 206 0000 2023     	 movs r3,#32
 207 0002 0360     	 str r3,[r0]
 163:.././hal//sam4s/uart.c **** }
 208              	 .loc 1 163 1 view .LVU45
 209 0004 7047     	 bx lr
 210              	 .cfi_endproc
 211              	.LFE141:
 213              	 .section .text.uart_reset_rx,"ax",%progbits
 214              	 .align 1
 215              	 .global uart_reset_rx
 216              	 .syntax unified
 217              	 .thumb
 218              	 .thumb_func
 220              	uart_reset_rx:
 221              	.LVL12:
 222              	.LFB142:
 164:.././hal//sam4s/uart.c **** 
 165:.././hal//sam4s/uart.c **** /**
 166:.././hal//sam4s/uart.c ****  * \brief Reset UART receiver.
 167:.././hal//sam4s/uart.c ****  *
 168:.././hal//sam4s/uart.c ****  * \param p_uart Pointer to a UART instance.
 169:.././hal//sam4s/uart.c ****  */
 170:.././hal//sam4s/uart.c **** void uart_reset_rx(Uart *p_uart)
 171:.././hal//sam4s/uart.c **** {
 223              	 .loc 1 171 1 is_stmt 1 view-0
 224              	 .cfi_startproc
 225              	 
 226              	 
 227              	 
 172:.././hal//sam4s/uart.c **** 	/* Reset receiver */
 173:.././hal//sam4s/uart.c **** 	p_uart->UART_CR = UART_CR_RSTRX | UART_CR_RXDIS;
 228              	 .loc 1 173 2 view .LVU47
 229              	 .loc 1 173 18 is_stmt 0 view .LVU48
 230 0000 2423     	 movs r3,#36
 231 0002 0360     	 str r3,[r0]
 174:.././hal//sam4s/uart.c **** }
 232              	 .loc 1 174 1 view .LVU49
 233 0004 7047     	 bx lr
 234              	 .cfi_endproc
 235              	.LFE142:
 237              	 .section .text.uart_enable,"ax",%progbits
 238              	 .align 1
 239              	 .global uart_enable
 240              	 .syntax unified
 241              	 .thumb
 242              	 .thumb_func
 244              	uart_enable:
 245              	.LVL13:
 246              	.LFB143:
 175:.././hal//sam4s/uart.c **** 
 176:.././hal//sam4s/uart.c **** /**
 177:.././hal//sam4s/uart.c ****  * \brief Enable UART receiver and transmitter.
 178:.././hal//sam4s/uart.c ****  *
 179:.././hal//sam4s/uart.c ****  * \param p_uart Pointer to a UART instance.
 180:.././hal//sam4s/uart.c ****  */
 181:.././hal//sam4s/uart.c **** void uart_enable(Uart *p_uart)
 182:.././hal//sam4s/uart.c **** {
 247              	 .loc 1 182 1 is_stmt 1 view-0
 248              	 .cfi_startproc
 249              	 
 250              	 
 251              	 
 183:.././hal//sam4s/uart.c **** 	/* Enable receiver and transmitter */
 184:.././hal//sam4s/uart.c **** 	p_uart->UART_CR = UART_CR_RXEN | UART_CR_TXEN;
 252              	 .loc 1 184 2 view .LVU51
 253              	 .loc 1 184 18 is_stmt 0 view .LVU52
 254 0000 5023     	 movs r3,#80
 255 0002 0360     	 str r3,[r0]
 185:.././hal//sam4s/uart.c **** }
 256              	 .loc 1 185 1 view .LVU53
 257 0004 7047     	 bx lr
 258              	 .cfi_endproc
 259              	.LFE143:
 261              	 .section .text.uart_disable,"ax",%progbits
 262              	 .align 1
 263              	 .global uart_disable
 264              	 .syntax unified
 265              	 .thumb
 266              	 .thumb_func
 268              	uart_disable:
 269              	.LVL14:
 270              	.LFB144:
 186:.././hal//sam4s/uart.c **** 
 187:.././hal//sam4s/uart.c **** /**
 188:.././hal//sam4s/uart.c ****  * \brief Disable UART receiver and transmitter.
 189:.././hal//sam4s/uart.c ****  *
 190:.././hal//sam4s/uart.c ****  * \param p_uart Pointer to a UART instance.
 191:.././hal//sam4s/uart.c ****  */
 192:.././hal//sam4s/uart.c **** void uart_disable(Uart *p_uart)
 193:.././hal//sam4s/uart.c **** {
 271              	 .loc 1 193 1 is_stmt 1 view-0
 272              	 .cfi_startproc
 273              	 
 274              	 
 275              	 
 194:.././hal//sam4s/uart.c **** 	/* Disable receiver and transmitter */
 195:.././hal//sam4s/uart.c **** 	p_uart->UART_CR = UART_CR_RXDIS | UART_CR_TXDIS;
 276              	 .loc 1 195 2 view .LVU55
 277              	 .loc 1 195 18 is_stmt 0 view .LVU56
 278 0000 A023     	 movs r3,#160
 279 0002 0360     	 str r3,[r0]
 196:.././hal//sam4s/uart.c **** }
 280              	 .loc 1 196 1 view .LVU57
 281 0004 7047     	 bx lr
 282              	 .cfi_endproc
 283              	.LFE144:
 285              	 .section .text.uart_reset,"ax",%progbits
 286              	 .align 1
 287              	 .global uart_reset
 288              	 .syntax unified
 289              	 .thumb
 290              	 .thumb_func
 292              	uart_reset:
 293              	.LVL15:
 294              	.LFB145:
 197:.././hal//sam4s/uart.c **** 
 198:.././hal//sam4s/uart.c **** /**
 199:.././hal//sam4s/uart.c ****  * \brief Reset UART receiver and transmitter.
 200:.././hal//sam4s/uart.c ****  *
 201:.././hal//sam4s/uart.c ****  * \param p_uart Pointer to a UART instance.
 202:.././hal//sam4s/uart.c ****  */
 203:.././hal//sam4s/uart.c **** void uart_reset(Uart *p_uart)
 204:.././hal//sam4s/uart.c **** {
 295              	 .loc 1 204 1 is_stmt 1 view-0
 296              	 .cfi_startproc
 297              	 
 298              	 
 299              	 
 205:.././hal//sam4s/uart.c **** 	/* Reset and disable receiver & transmitter */
 206:.././hal//sam4s/uart.c **** 	p_uart->UART_CR = UART_CR_RSTRX | UART_CR_RSTTX
 300              	 .loc 1 206 2 view .LVU59
 301              	 .loc 1 206 18 is_stmt 0 view .LVU60
 302 0000 AC23     	 movs r3,#172
 303 0002 0360     	 str r3,[r0]
 207:.././hal//sam4s/uart.c **** 			| UART_CR_RXDIS | UART_CR_TXDIS;
 208:.././hal//sam4s/uart.c **** }
 304              	 .loc 1 208 1 view .LVU61
 305 0004 7047     	 bx lr
 306              	 .cfi_endproc
 307              	.LFE145:
 309              	 .section .text.uart_enable_interrupt,"ax",%progbits
 310              	 .align 1
 311              	 .global uart_enable_interrupt
 312              	 .syntax unified
 313              	 .thumb
 314              	 .thumb_func
 316              	uart_enable_interrupt:
 317              	.LVL16:
 318              	.LFB146:
 209:.././hal//sam4s/uart.c **** 
 210:.././hal//sam4s/uart.c **** /** \brief Enable UART interrupts.
 211:.././hal//sam4s/uart.c ****  *
 212:.././hal//sam4s/uart.c ****  * \param p_uart Pointer to a UART instance.
 213:.././hal//sam4s/uart.c ****  *  \param ul_sources Interrupts to be enabled.
 214:.././hal//sam4s/uart.c ****  */
 215:.././hal//sam4s/uart.c **** void uart_enable_interrupt(Uart *p_uart, uint32_t ul_sources)
 216:.././hal//sam4s/uart.c **** {
 319              	 .loc 1 216 1 is_stmt 1 view-0
 320              	 .cfi_startproc
 321              	 
 322              	 
 323              	 
 217:.././hal//sam4s/uart.c **** 	p_uart->UART_IER = ul_sources;
 324              	 .loc 1 217 2 view .LVU63
 325              	 .loc 1 217 19 is_stmt 0 view .LVU64
 326 0000 8160     	 str r1,[r0,#8]
 218:.././hal//sam4s/uart.c **** }
 327              	 .loc 1 218 1 view .LVU65
 328 0002 7047     	 bx lr
 329              	 .cfi_endproc
 330              	.LFE146:
 332              	 .section .text.uart_disable_interrupt,"ax",%progbits
 333              	 .align 1
 334              	 .global uart_disable_interrupt
 335              	 .syntax unified
 336              	 .thumb
 337              	 .thumb_func
 339              	uart_disable_interrupt:
 340              	.LVL17:
 341              	.LFB147:
 219:.././hal//sam4s/uart.c **** 
 220:.././hal//sam4s/uart.c **** /** \brief Disable UART interrupts.
 221:.././hal//sam4s/uart.c ****  *
 222:.././hal//sam4s/uart.c ****  * \param p_uart Pointer to a UART instance.
 223:.././hal//sam4s/uart.c ****  *  \param ul_sources Interrupts to be disabled.
 224:.././hal//sam4s/uart.c ****  */
 225:.././hal//sam4s/uart.c **** void uart_disable_interrupt(Uart *p_uart, uint32_t ul_sources)
 226:.././hal//sam4s/uart.c **** {
 342              	 .loc 1 226 1 is_stmt 1 view-0
 343              	 .cfi_startproc
 344              	 
 345              	 
 346              	 
 227:.././hal//sam4s/uart.c **** 	p_uart->UART_IDR = ul_sources;
 347              	 .loc 1 227 2 view .LVU67
 348              	 .loc 1 227 19 is_stmt 0 view .LVU68
 349 0000 C160     	 str r1,[r0,#12]
 228:.././hal//sam4s/uart.c **** }
 350              	 .loc 1 228 1 view .LVU69
 351 0002 7047     	 bx lr
 352              	 .cfi_endproc
 353              	.LFE147:
 355              	 .section .text.uart_get_interrupt_mask,"ax",%progbits
 356              	 .align 1
 357              	 .global uart_get_interrupt_mask
 358              	 .syntax unified
 359              	 .thumb
 360              	 .thumb_func
 362              	uart_get_interrupt_mask:
 363              	.LVL18:
 364              	.LFB148:
 229:.././hal//sam4s/uart.c **** 
 230:.././hal//sam4s/uart.c **** /** \brief Read UART interrupt mask.
 231:.././hal//sam4s/uart.c ****  *
 232:.././hal//sam4s/uart.c ****  * \param p_uart Pointer to a UART instance.
 233:.././hal//sam4s/uart.c ****  *
 234:.././hal//sam4s/uart.c ****  *  \return The interrupt mask value.
 235:.././hal//sam4s/uart.c ****  */
 236:.././hal//sam4s/uart.c **** uint32_t uart_get_interrupt_mask(Uart *p_uart)
 237:.././hal//sam4s/uart.c **** {
 365              	 .loc 1 237 1 is_stmt 1 view-0
 366              	 .cfi_startproc
 367              	 
 368              	 
 369              	 
 238:.././hal//sam4s/uart.c **** 	return p_uart->UART_IMR;
 370              	 .loc 1 238 2 view .LVU71
 371              	 .loc 1 238 15 is_stmt 0 view .LVU72
 372 0000 0069     	 ldr r0,[r0,#16]
 373              	.LVL19:
 239:.././hal//sam4s/uart.c **** }
 374              	 .loc 1 239 1 view .LVU73
 375 0002 7047     	 bx lr
 376              	 .cfi_endproc
 377              	.LFE148:
 379              	 .section .text.uart_get_status,"ax",%progbits
 380              	 .align 1
 381              	 .global uart_get_status
 382              	 .syntax unified
 383              	 .thumb
 384              	 .thumb_func
 386              	uart_get_status:
 387              	.LVL20:
 388              	.LFB149:
 240:.././hal//sam4s/uart.c **** 
 241:.././hal//sam4s/uart.c **** /**
 242:.././hal//sam4s/uart.c ****  * \brief Get current status.
 243:.././hal//sam4s/uart.c ****  *
 244:.././hal//sam4s/uart.c ****  * \param p_uart Pointer to a UART instance.
 245:.././hal//sam4s/uart.c ****  *
 246:.././hal//sam4s/uart.c ****  * \return The current UART status.
 247:.././hal//sam4s/uart.c ****  */
 248:.././hal//sam4s/uart.c **** uint32_t uart_get_status(Uart *p_uart)
 249:.././hal//sam4s/uart.c **** {
 389              	 .loc 1 249 1 is_stmt 1 view-0
 390              	 .cfi_startproc
 391              	 
 392              	 
 393              	 
 250:.././hal//sam4s/uart.c **** 	return p_uart->UART_SR;
 394              	 .loc 1 250 2 view .LVU75
 395              	 .loc 1 250 15 is_stmt 0 view .LVU76
 396 0000 4069     	 ldr r0,[r0,#20]
 397              	.LVL21:
 251:.././hal//sam4s/uart.c **** }
 398              	 .loc 1 251 1 view .LVU77
 399 0002 7047     	 bx lr
 400              	 .cfi_endproc
 401              	.LFE149:
 403              	 .section .text.uart_reset_status,"ax",%progbits
 404              	 .align 1
 405              	 .global uart_reset_status
 406              	 .syntax unified
 407              	 .thumb
 408              	 .thumb_func
 410              	uart_reset_status:
 411              	.LVL22:
 412              	.LFB150:
 252:.././hal//sam4s/uart.c **** 
 253:.././hal//sam4s/uart.c **** /**
 254:.././hal//sam4s/uart.c ****  * \brief Reset status bits.
 255:.././hal//sam4s/uart.c ****  *
 256:.././hal//sam4s/uart.c ****  * \param p_uart Pointer to a UART instance.
 257:.././hal//sam4s/uart.c ****  */
 258:.././hal//sam4s/uart.c **** void uart_reset_status(Uart *p_uart)
 259:.././hal//sam4s/uart.c **** {
 413              	 .loc 1 259 1 is_stmt 1 view-0
 414              	 .cfi_startproc
 415              	 
 416              	 
 417              	 
 260:.././hal//sam4s/uart.c **** 	p_uart->UART_CR = UART_CR_RSTSTA;
 418              	 .loc 1 260 2 view .LVU79
 419              	 .loc 1 260 18 is_stmt 0 view .LVU80
 420 0000 4FF48073 	 mov r3,#256
 421 0004 0360     	 str r3,[r0]
 261:.././hal//sam4s/uart.c **** }
 422              	 .loc 1 261 1 view .LVU81
 423 0006 7047     	 bx lr
 424              	 .cfi_endproc
 425              	.LFE150:
 427              	 .section .text.uart_is_tx_ready,"ax",%progbits
 428              	 .align 1
 429              	 .global uart_is_tx_ready
 430              	 .syntax unified
 431              	 .thumb
 432              	 .thumb_func
 434              	uart_is_tx_ready:
 435              	.LVL23:
 436              	.LFB151:
 262:.././hal//sam4s/uart.c **** 
 263:.././hal//sam4s/uart.c **** /**
 264:.././hal//sam4s/uart.c ****  * \brief Check if Transmit is Ready.
 265:.././hal//sam4s/uart.c ****  * Check if data has been loaded in UART_THR and is waiting to be loaded in the
 266:.././hal//sam4s/uart.c ****  * Transmit Shift Register (TSR).
 267:.././hal//sam4s/uart.c ****  *
 268:.././hal//sam4s/uart.c ****  * \param p_uart Pointer to a UART instance.
 269:.././hal//sam4s/uart.c ****  *
 270:.././hal//sam4s/uart.c ****  * \retval 1 Data has been transmitted.
 271:.././hal//sam4s/uart.c ****  * \retval 0 Transmit is not ready, data pending.
 272:.././hal//sam4s/uart.c ****  */
 273:.././hal//sam4s/uart.c **** uint32_t uart_is_tx_ready(Uart *p_uart)
 274:.././hal//sam4s/uart.c **** {
 437              	 .loc 1 274 1 is_stmt 1 view-0
 438              	 .cfi_startproc
 439              	 
 440              	 
 441              	 
 275:.././hal//sam4s/uart.c **** 	return (p_uart->UART_SR & UART_SR_TXRDY) > 0;
 442              	 .loc 1 275 2 view .LVU83
 443              	 .loc 1 275 16 is_stmt 0 view .LVU84
 444 0000 4069     	 ldr r0,[r0,#20]
 445              	.LVL24:
 276:.././hal//sam4s/uart.c **** }
 446              	 .loc 1 276 1 view .LVU85
 447 0002 C0F34000 	 ubfx r0,r0,#1,#1
 448 0006 7047     	 bx lr
 449              	 .cfi_endproc
 450              	.LFE151:
 452              	 .section .text.uart_is_tx_empty,"ax",%progbits
 453              	 .align 1
 454              	 .global uart_is_tx_empty
 455              	 .syntax unified
 456              	 .thumb
 457              	 .thumb_func
 459              	uart_is_tx_empty:
 460              	.LVL25:
 461              	.LFB152:
 277:.././hal//sam4s/uart.c **** 
 278:.././hal//sam4s/uart.c **** /**
 279:.././hal//sam4s/uart.c ****  * \brief Check if Transmit Hold Register is empty.
 280:.././hal//sam4s/uart.c ****  * Check if the last data written in UART_THR has been loaded in TSR and the
 281:.././hal//sam4s/uart.c ****  * last data loaded in TSR has been transmitted.
 282:.././hal//sam4s/uart.c ****  *
 283:.././hal//sam4s/uart.c ****  * \param p_uart Pointer to a UART instance.
 284:.././hal//sam4s/uart.c ****  *
 285:.././hal//sam4s/uart.c ****  * \retval 1 Transmitter is empty.
 286:.././hal//sam4s/uart.c ****  * \retval 0 Transmitter is not empty.
 287:.././hal//sam4s/uart.c ****  */
 288:.././hal//sam4s/uart.c **** uint32_t uart_is_tx_empty(Uart *p_uart)
 289:.././hal//sam4s/uart.c **** {
 462              	 .loc 1 289 1 is_stmt 1 view-0
 463              	 .cfi_startproc
 464              	 
 465              	 
 466              	 
 290:.././hal//sam4s/uart.c **** 	return (p_uart->UART_SR & UART_SR_TXEMPTY) > 0;
 467              	 .loc 1 290 2 view .LVU87
 468              	 .loc 1 290 16 is_stmt 0 view .LVU88
 469 0000 4069     	 ldr r0,[r0,#20]
 470              	.LVL26:
 291:.././hal//sam4s/uart.c **** }
 471              	 .loc 1 291 1 view .LVU89
 472 0002 C0F34020 	 ubfx r0,r0,#9,#1
 473 0006 7047     	 bx lr
 474              	 .cfi_endproc
 475              	.LFE152:
 477              	 .section .text.uart_is_rx_ready,"ax",%progbits
 478              	 .align 1
 479              	 .global uart_is_rx_ready
 480              	 .syntax unified
 481              	 .thumb
 482              	 .thumb_func
 484              	uart_is_rx_ready:
 485              	.LVL27:
 486              	.LFB153:
 292:.././hal//sam4s/uart.c **** 
 293:.././hal//sam4s/uart.c **** /**
 294:.././hal//sam4s/uart.c ****  * \brief Check if Received data is ready.
 295:.././hal//sam4s/uart.c ****  * Check if data has been received and loaded in UART_RHR.
 296:.././hal//sam4s/uart.c ****  *
 297:.././hal//sam4s/uart.c ****  * \param p_uart Pointer to a UART instance.
 298:.././hal//sam4s/uart.c ****  *
 299:.././hal//sam4s/uart.c ****  * \retval 1 One data has been received.
 300:.././hal//sam4s/uart.c ****  * \retval 0 No data has been received.
 301:.././hal//sam4s/uart.c ****  */
 302:.././hal//sam4s/uart.c **** uint32_t uart_is_rx_ready(Uart *p_uart)
 303:.././hal//sam4s/uart.c **** {
 487              	 .loc 1 303 1 is_stmt 1 view-0
 488              	 .cfi_startproc
 489              	 
 490              	 
 491              	 
 304:.././hal//sam4s/uart.c **** 	return (p_uart->UART_SR & UART_SR_RXRDY) > 0;
 492              	 .loc 1 304 2 view .LVU91
 493              	 .loc 1 304 16 is_stmt 0 view .LVU92
 494 0000 4069     	 ldr r0,[r0,#20]
 495              	.LVL28:
 305:.././hal//sam4s/uart.c **** }
 496              	 .loc 1 305 1 view .LVU93
 497 0002 00F00100 	 and r0,r0,#1
 498 0006 7047     	 bx lr
 499              	 .cfi_endproc
 500              	.LFE153:
 502              	 .section .text.uart_is_tx_buf_empty,"ax",%progbits
 503              	 .align 1
 504              	 .global uart_is_tx_buf_empty
 505              	 .syntax unified
 506              	 .thumb
 507              	 .thumb_func
 509              	uart_is_tx_buf_empty:
 510              	.LFB163:
 511              	 .cfi_startproc
 306:.././hal//sam4s/uart.c **** 
 307:.././hal//sam4s/uart.c **** /**
 308:.././hal//sam4s/uart.c ****  * \brief Check if both transmit buffers are sent out.
 309:.././hal//sam4s/uart.c ****  *
 310:.././hal//sam4s/uart.c ****  * \param p_uart Pointer to a UART instance.
 311:.././hal//sam4s/uart.c ****  *
 312:.././hal//sam4s/uart.c ****  * \retval 1 Transmit buffer is empty.
 313:.././hal//sam4s/uart.c ****  * \retval 0 Transmit buffer is not empty.
 314:.././hal//sam4s/uart.c ****  */
 315:.././hal//sam4s/uart.c **** uint32_t uart_is_tx_buf_empty(Uart *p_uart)
 512              	 .loc 1 315 10 is_stmt 1 view-0
 513              	 
 514              	 
 515              	 
 516 0000 4069     	 ldr r0,[r0,#20]
 517 0002 C0F34020 	 ubfx r0,r0,#9,#1
 518 0006 7047     	 bx lr
 519              	 .cfi_endproc
 520              	.LFE163:
 522              	 .section .text.uart_set_clock_divisor,"ax",%progbits
 523              	 .align 1
 524              	 .global uart_set_clock_divisor
 525              	 .syntax unified
 526              	 .thumb
 527              	 .thumb_func
 529              	uart_set_clock_divisor:
 530              	.LVL29:
 531              	.LFB155:
 316:.././hal//sam4s/uart.c **** {
 317:.././hal//sam4s/uart.c **** 	return (p_uart->UART_SR & UART_SR_TXEMPTY) > 0;
 318:.././hal//sam4s/uart.c **** }
 319:.././hal//sam4s/uart.c **** 
 320:.././hal//sam4s/uart.c **** /**
 321:.././hal//sam4s/uart.c ****  * \brief Set UART clock divisor value
 322:.././hal//sam4s/uart.c ****  *
 323:.././hal//sam4s/uart.c ****  * \param p_uart Pointer to a UART instance.
 324:.././hal//sam4s/uart.c ****  * \param us_divisor Value to be set.
 325:.././hal//sam4s/uart.c ****  *
 326:.././hal//sam4s/uart.c ****  */
 327:.././hal//sam4s/uart.c **** void uart_set_clock_divisor(Uart *p_uart, uint16_t us_divisor)
 328:.././hal//sam4s/uart.c **** {
 532              	 .loc 1 328 1 view-0
 533              	 .cfi_startproc
 534              	 
 535              	 
 536              	 
 329:.././hal//sam4s/uart.c **** 	p_uart->UART_BRGR = us_divisor;
 537              	 .loc 1 329 2 view .LVU96
 538              	 .loc 1 329 20 is_stmt 0 view .LVU97
 539 0000 0162     	 str r1,[r0,#32]
 330:.././hal//sam4s/uart.c **** }
 540              	 .loc 1 330 1 view .LVU98
 541 0002 7047     	 bx lr
 542              	 .cfi_endproc
 543              	.LFE155:
 545              	 .section .text.uart_write,"ax",%progbits
 546              	 .align 1
 547              	 .global uart_write
 548              	 .syntax unified
 549              	 .thumb
 550              	 .thumb_func
 552              	uart_write:
 553              	.LVL30:
 554              	.LFB156:
 331:.././hal//sam4s/uart.c **** 
 332:.././hal//sam4s/uart.c **** /**
 333:.././hal//sam4s/uart.c ****  * \brief Write to UART Transmit Holding Register
 334:.././hal//sam4s/uart.c ****  * Before writing user should check if tx is ready (or empty).
 335:.././hal//sam4s/uart.c ****  *
 336:.././hal//sam4s/uart.c ****  * \param p_uart Pointer to a UART instance.
 337:.././hal//sam4s/uart.c ****  * \param data Data to be sent.
 338:.././hal//sam4s/uart.c ****  *
 339:.././hal//sam4s/uart.c ****  * \retval 0 Success.
 340:.././hal//sam4s/uart.c ****  * \retval 1 I/O Failure, UART is not ready.
 341:.././hal//sam4s/uart.c ****  */
 342:.././hal//sam4s/uart.c **** uint32_t uart_write(Uart *p_uart, const uint8_t uc_data)
 343:.././hal//sam4s/uart.c **** {
 555              	 .loc 1 343 1 is_stmt 1 view-0
 556              	 .cfi_startproc
 557              	 
 558              	 
 559              	 
 344:.././hal//sam4s/uart.c **** 	/* Check if the transmitter is ready */
 345:.././hal//sam4s/uart.c **** 	if (!(p_uart->UART_SR & UART_SR_TXRDY))
 560              	 .loc 1 345 2 view .LVU100
 561              	 .loc 1 345 14 is_stmt 0 view .LVU101
 562 0000 4369     	 ldr r3,[r0,#20]
 563              	 .loc 1 345 5 view .LVU102
 564 0002 9B07     	 lsls r3,r3,#30
 346:.././hal//sam4s/uart.c **** 		return 1;
 347:.././hal//sam4s/uart.c **** 
 348:.././hal//sam4s/uart.c **** 	/* Send character */
 349:.././hal//sam4s/uart.c **** 	p_uart->UART_THR = uc_data;
 565              	 .loc 1 349 2 is_stmt 1 view .LVU103
 566              	 .loc 1 349 19 is_stmt 0 view .LVU104
 567 0004 46BF     	 itte mi
 568 0006 C161     	 strmi r1,[r0,#28]
 350:.././hal//sam4s/uart.c **** 	return 0;
 569              	 .loc 1 350 2 is_stmt 1 view .LVU105
 570              	 .loc 1 350 9 is_stmt 0 view .LVU106
 571 0008 0020     	 movmi r0,#0
 572              	.LVL31:
 346:.././hal//sam4s/uart.c **** 		return 1;
 573              	 .loc 1 346 10 view .LVU107
 574 000a 0120     	 movpl r0,#1
 351:.././hal//sam4s/uart.c **** }
 575              	 .loc 1 351 1 view .LVU108
 576 000c 7047     	 bx lr
 577              	 .cfi_endproc
 578              	.LFE156:
 580              	 .section .text.uart_read,"ax",%progbits
 581              	 .align 1
 582              	 .global uart_read
 583              	 .syntax unified
 584              	 .thumb
 585              	 .thumb_func
 587              	uart_read:
 588              	.LVL32:
 589              	.LFB157:
 352:.././hal//sam4s/uart.c **** 
 353:.././hal//sam4s/uart.c **** /**
 354:.././hal//sam4s/uart.c ****  * \brief Read from UART Receive Holding Register.
 355:.././hal//sam4s/uart.c ****  * Before reading user should check if rx is ready.
 356:.././hal//sam4s/uart.c ****  *
 357:.././hal//sam4s/uart.c ****  * \param p_uart Pointer to a UART instance.
 358:.././hal//sam4s/uart.c ****  *
 359:.././hal//sam4s/uart.c ****  * \retval 0 Success.
 360:.././hal//sam4s/uart.c ****  * \retval 1 I/O Failure, UART is not ready.
 361:.././hal//sam4s/uart.c ****  */
 362:.././hal//sam4s/uart.c **** uint32_t uart_read(Uart *p_uart, uint8_t *puc_data)
 363:.././hal//sam4s/uart.c **** {
 590              	 .loc 1 363 1 is_stmt 1 view-0
 591              	 .cfi_startproc
 592              	 
 593              	 
 594              	 
 364:.././hal//sam4s/uart.c **** 	/* Check if the receiver is ready */
 365:.././hal//sam4s/uart.c **** 	if ((p_uart->UART_SR & UART_SR_RXRDY) == 0)
 595              	 .loc 1 365 2 view .LVU110
 596              	 .loc 1 365 13 is_stmt 0 view .LVU111
 597 0000 4369     	 ldr r3,[r0,#20]
 598              	 .loc 1 365 5 view .LVU112
 599 0002 DB07     	 lsls r3,r3,#31
 366:.././hal//sam4s/uart.c **** 		return 1;
 367:.././hal//sam4s/uart.c **** 
 368:.././hal//sam4s/uart.c **** 	/* Read character */
 369:.././hal//sam4s/uart.c **** 	*puc_data = (uint8_t) p_uart->UART_RHR;
 600              	 .loc 1 369 2 is_stmt 1 view .LVU113
 601              	 .loc 1 369 30 is_stmt 0 view .LVU114
 602 0004 43BF     	 ittte mi
 603 0006 8369     	 ldrmi r3,[r0,#24]
 604              	 .loc 1 369 14 view .LVU115
 605 0008 0B70     	 strbmi r3,[r1]
 370:.././hal//sam4s/uart.c **** 	return 0;
 606              	 .loc 1 370 2 is_stmt 1 view .LVU116
 607              	 .loc 1 370 9 is_stmt 0 view .LVU117
 608 000a 0020     	 movmi r0,#0
 609              	.LVL33:
 366:.././hal//sam4s/uart.c **** 		return 1;
 610              	 .loc 1 366 10 view .LVU118
 611 000c 0120     	 movpl r0,#1
 371:.././hal//sam4s/uart.c **** }
 612              	 .loc 1 371 1 view .LVU119
 613 000e 7047     	 bx lr
 614              	 .cfi_endproc
 615              	.LFE157:
 617              	 .section .text.uart_is_rx_buf_end,"ax",%progbits
 618              	 .align 1
 619              	 .global uart_is_rx_buf_end
 620              	 .syntax unified
 621              	 .thumb
 622              	 .thumb_func
 624              	uart_is_rx_buf_end:
 625              	.LVL34:
 626              	.LFB158:
 372:.././hal//sam4s/uart.c **** 
 373:.././hal//sam4s/uart.c **** #if (!SAMV71 && !SAMV70 && !SAME70 && !SAMS70)
 374:.././hal//sam4s/uart.c **** /**
 375:.././hal//sam4s/uart.c ****  * \brief Check if one receive buffer is filled.
 376:.././hal//sam4s/uart.c ****  *
 377:.././hal//sam4s/uart.c ****  * \param p_uart Pointer to a UART instance.
 378:.././hal//sam4s/uart.c ****  *
 379:.././hal//sam4s/uart.c ****  * \retval 1 Receive is completed.
 380:.././hal//sam4s/uart.c ****  * \retval 0 Receive is still pending.
 381:.././hal//sam4s/uart.c ****  */
 382:.././hal//sam4s/uart.c **** uint32_t uart_is_rx_buf_end(Uart *p_uart)
 383:.././hal//sam4s/uart.c **** {
 627              	 .loc 1 383 1 is_stmt 1 view-0
 628              	 .cfi_startproc
 629              	 
 630              	 
 631              	 
 384:.././hal//sam4s/uart.c **** 	return (p_uart->UART_SR & UART_SR_ENDRX) > 0;
 632              	 .loc 1 384 2 view .LVU121
 633              	 .loc 1 384 16 is_stmt 0 view .LVU122
 634 0000 4069     	 ldr r0,[r0,#20]
 635              	.LVL35:
 385:.././hal//sam4s/uart.c **** }
 636              	 .loc 1 385 1 view .LVU123
 637 0002 C0F3C000 	 ubfx r0,r0,#3,#1
 638 0006 7047     	 bx lr
 639              	 .cfi_endproc
 640              	.LFE158:
 642              	 .section .text.uart_is_tx_buf_end,"ax",%progbits
 643              	 .align 1
 644              	 .global uart_is_tx_buf_end
 645              	 .syntax unified
 646              	 .thumb
 647              	 .thumb_func
 649              	uart_is_tx_buf_end:
 650              	.LVL36:
 651              	.LFB159:
 386:.././hal//sam4s/uart.c **** 
 387:.././hal//sam4s/uart.c **** /**
 388:.././hal//sam4s/uart.c ****  * \brief Check if one transmit buffer is sent out.
 389:.././hal//sam4s/uart.c ****  *
 390:.././hal//sam4s/uart.c ****  * \param p_uart Pointer to a UART instance.
 391:.././hal//sam4s/uart.c ****  *
 392:.././hal//sam4s/uart.c ****  * \retval 1 Transmit is completed.
 393:.././hal//sam4s/uart.c ****  * \retval 0 Transmit is still pending.
 394:.././hal//sam4s/uart.c ****  */
 395:.././hal//sam4s/uart.c **** uint32_t uart_is_tx_buf_end(Uart *p_uart)
 396:.././hal//sam4s/uart.c **** {
 652              	 .loc 1 396 1 is_stmt 1 view-0
 653              	 .cfi_startproc
 654              	 
 655              	 
 656              	 
 397:.././hal//sam4s/uart.c **** 	return (p_uart->UART_SR & UART_SR_ENDTX) > 0;
 657              	 .loc 1 397 2 view .LVU125
 658              	 .loc 1 397 16 is_stmt 0 view .LVU126
 659 0000 4069     	 ldr r0,[r0,#20]
 660              	.LVL37:
 398:.././hal//sam4s/uart.c **** }
 661              	 .loc 1 398 1 view .LVU127
 662 0002 C0F30010 	 ubfx r0,r0,#4,#1
 663 0006 7047     	 bx lr
 664              	 .cfi_endproc
 665              	.LFE159:
 667              	 .section .text.uart_is_rx_buf_full,"ax",%progbits
 668              	 .align 1
 669              	 .global uart_is_rx_buf_full
 670              	 .syntax unified
 671              	 .thumb
 672              	 .thumb_func
 674              	uart_is_rx_buf_full:
 675              	.LVL38:
 676              	.LFB160:
 399:.././hal//sam4s/uart.c **** 
 400:.././hal//sam4s/uart.c **** /**
 401:.././hal//sam4s/uart.c ****  * \brief Check if both receive buffers are full.
 402:.././hal//sam4s/uart.c ****  *
 403:.././hal//sam4s/uart.c ****  * \param p_uart Pointer to a UART instance.
 404:.././hal//sam4s/uart.c ****  *
 405:.././hal//sam4s/uart.c ****  * \retval 1 Receive buffers are full.
 406:.././hal//sam4s/uart.c ****  * \retval 0 Receive buffers are not full.
 407:.././hal//sam4s/uart.c ****  */
 408:.././hal//sam4s/uart.c **** uint32_t uart_is_rx_buf_full(Uart *p_uart)
 409:.././hal//sam4s/uart.c **** {
 677              	 .loc 1 409 1 is_stmt 1 view-0
 678              	 .cfi_startproc
 679              	 
 680              	 
 681              	 
 410:.././hal//sam4s/uart.c **** 	return (p_uart->UART_SR & UART_SR_RXBUFF) > 0;
 682              	 .loc 1 410 2 view .LVU129
 683              	 .loc 1 410 16 is_stmt 0 view .LVU130
 684 0000 4069     	 ldr r0,[r0,#20]
 685              	.LVL39:
 411:.././hal//sam4s/uart.c **** }
 686              	 .loc 1 411 1 view .LVU131
 687 0002 C0F30030 	 ubfx r0,r0,#12,#1
 688 0006 7047     	 bx lr
 689              	 .cfi_endproc
 690              	.LFE160:
 692              	 .section .text.uart_get_pdc_base,"ax",%progbits
 693              	 .align 1
 694              	 .global uart_get_pdc_base
 695              	 .syntax unified
 696              	 .thumb
 697              	 .thumb_func
 699              	uart_get_pdc_base:
 700              	.LVL40:
 701              	.LFB161:
 412:.././hal//sam4s/uart.c **** 
 413:.././hal//sam4s/uart.c **** /**
 414:.././hal//sam4s/uart.c ****  * \brief Get UART PDC base address.
 415:.././hal//sam4s/uart.c ****  *
 416:.././hal//sam4s/uart.c ****  * \param p_uart Pointer to a UART instance.
 417:.././hal//sam4s/uart.c ****  *
 418:.././hal//sam4s/uart.c ****  * \return UART PDC registers base for PDC driver to access.
 419:.././hal//sam4s/uart.c ****  */
 420:.././hal//sam4s/uart.c **** Pdc *uart_get_pdc_base(Uart *p_uart)
 421:.././hal//sam4s/uart.c **** {
 702              	 .loc 1 421 1 is_stmt 1 view-0
 703              	 .cfi_startproc
 704              	 
 705              	 
 706              	 
 422:.././hal//sam4s/uart.c **** 	Pdc *p_pdc_base;
 707              	 .loc 1 422 2 view .LVU133
 423:.././hal//sam4s/uart.c **** 
 424:.././hal//sam4s/uart.c **** #if (SAM3S || SAM3N || SAM4S || SAM4E || SAM4N || SAM4C || SAMG || SAM4CP || SAM4CM)
 425:.././hal//sam4s/uart.c **** 	if (p_uart == UART0)
 708              	 .loc 1 425 2 view .LVU134
 426:.././hal//sam4s/uart.c **** 		p_pdc_base = PDC_UART0;
 709              	 .loc 1 426 3 view .LVU135
 427:.././hal//sam4s/uart.c **** #elif (SAM3XA || SAM3U)
 428:.././hal//sam4s/uart.c **** 	if (p_uart == UART)
 429:.././hal//sam4s/uart.c **** 		p_pdc_base = PDC_UART;
 430:.././hal//sam4s/uart.c **** #else
 431:.././hal//sam4s/uart.c **** #error "Unsupported device"
 432:.././hal//sam4s/uart.c **** #endif
 433:.././hal//sam4s/uart.c **** 
 434:.././hal//sam4s/uart.c **** #if (SAM3S || SAM4S || SAM4E || SAM4N || SAM4C || SAMG || SAM4CP || SAM4CM)
 435:.././hal//sam4s/uart.c **** 	if (p_uart == UART1)
 710              	 .loc 1 435 2 view .LVU136
 436:.././hal//sam4s/uart.c **** 		p_pdc_base = PDC_UART1;
 437:.././hal//sam4s/uart.c **** #endif
 438:.././hal//sam4s/uart.c **** 
 439:.././hal//sam4s/uart.c **** #if (SAM4N)
 440:.././hal//sam4s/uart.c **** 	if (p_uart == UART2)
 441:.././hal//sam4s/uart.c **** 		p_pdc_base = PDC_UART2;
 442:.././hal//sam4s/uart.c **** #endif
 443:.././hal//sam4s/uart.c **** 
 444:.././hal//sam4s/uart.c **** 	return p_pdc_base;
 445:.././hal//sam4s/uart.c **** }
 711              	 .loc 1 445 1 is_stmt 0 view .LVU137
 712 0000 034B     	 ldr r3,.L35
 713 0002 0449     	 ldr r1,.L35+4
 714 0004 044A     	 ldr r2,.L35+8
 715 0006 8842     	 cmp r0,r1
 716 0008 18BF     	 it ne
 717 000a 1A46     	 movne r2,r3
 718 000c 1046     	 mov r0,r2
 719              	.LVL41:
 720              	 .loc 1 445 1 view .LVU138
 721 000e 7047     	 bx lr
 722              	.L36:
 723              	 .align 2
 724              	.L35:
 725 0010 00070E40 	 .word 1074661120
 726 0014 00080E40 	 .word 1074661376
 727 0018 00090E40 	 .word 1074661632
 728              	 .cfi_endproc
 729              	.LFE161:
 731              	 .section .bss.cpu_irq_prev_interrupt_state,"aw",%nobits
 734              	cpu_irq_prev_interrupt_state:
 735 0000 00       	 .space 1
 736              	 .section .bss.cpu_irq_critical_section_counter,"aw",%nobits
 737              	 .align 2
 740              	cpu_irq_critical_section_counter:
 741 0000 00000000 	 .space 4
 742              	 .text
 743              	.Letext0:
 744              	 .file 2 "/usr/lib/gcc/arm-none-eabi/14.2.1/include/stdint.h"
 745              	 .file 3 ".././hal//sam4s/inc/component/component_pdc.h"
 746              	 .file 4 ".././hal//sam4s/inc/component/component_uart.h"
 747              	 .file 5 ".././hal//sam4s/inc/interrupt/interrupt_sam_nvic.h"
 748              	 .file 6 ".././hal//sam4s/inc/uart.h"
DEFINED SYMBOLS
                            *ABS*:00000000 uart.c
    {standard input}:19     .text.uart_init:00000000 $t
    {standard input}:25     .text.uart_init:00000000 uart_init
    {standard input}:94     .text.uart_enable_tx:00000000 $t
    {standard input}:100    .text.uart_enable_tx:00000000 uart_enable_tx
    {standard input}:118    .text.uart_disable_tx:00000000 $t
    {standard input}:124    .text.uart_disable_tx:00000000 uart_disable_tx
    {standard input}:142    .text.uart_reset_tx:00000000 $t
    {standard input}:148    .text.uart_reset_tx:00000000 uart_reset_tx
    {standard input}:166    .text.uart_enable_rx:00000000 $t
    {standard input}:172    .text.uart_enable_rx:00000000 uart_enable_rx
    {standard input}:190    .text.uart_disable_rx:00000000 $t
    {standard input}:196    .text.uart_disable_rx:00000000 uart_disable_rx
    {standard input}:214    .text.uart_reset_rx:00000000 $t
    {standard input}:220    .text.uart_reset_rx:00000000 uart_reset_rx
    {standard input}:238    .text.uart_enable:00000000 $t
    {standard input}:244    .text.uart_enable:00000000 uart_enable
    {standard input}:262    .text.uart_disable:00000000 $t
    {standard input}:268    .text.uart_disable:00000000 uart_disable
    {standard input}:286    .text.uart_reset:00000000 $t
    {standard input}:292    .text.uart_reset:00000000 uart_reset
    {standard input}:310    .text.uart_enable_interrupt:00000000 $t
    {standard input}:316    .text.uart_enable_interrupt:00000000 uart_enable_interrupt
    {standard input}:333    .text.uart_disable_interrupt:00000000 $t
    {standard input}:339    .text.uart_disable_interrupt:00000000 uart_disable_interrupt
    {standard input}:356    .text.uart_get_interrupt_mask:00000000 $t
    {standard input}:362    .text.uart_get_interrupt_mask:00000000 uart_get_interrupt_mask
    {standard input}:380    .text.uart_get_status:00000000 $t
    {standard input}:386    .text.uart_get_status:00000000 uart_get_status
    {standard input}:404    .text.uart_reset_status:00000000 $t
    {standard input}:410    .text.uart_reset_status:00000000 uart_reset_status
    {standard input}:428    .text.uart_is_tx_ready:00000000 $t
    {standard input}:434    .text.uart_is_tx_ready:00000000 uart_is_tx_ready
    {standard input}:453    .text.uart_is_tx_empty:00000000 $t
    {standard input}:459    .text.uart_is_tx_empty:00000000 uart_is_tx_empty
    {standard input}:478    .text.uart_is_rx_ready:00000000 $t
    {standard input}:484    .text.uart_is_rx_ready:00000000 uart_is_rx_ready
    {standard input}:503    .text.uart_is_tx_buf_empty:00000000 $t
    {standard input}:509    .text.uart_is_tx_buf_empty:00000000 uart_is_tx_buf_empty
    {standard input}:523    .text.uart_set_clock_divisor:00000000 $t
    {standard input}:529    .text.uart_set_clock_divisor:00000000 uart_set_clock_divisor
    {standard input}:546    .text.uart_write:00000000 $t
    {standard input}:552    .text.uart_write:00000000 uart_write
    {standard input}:581    .text.uart_read:00000000 $t
    {standard input}:587    .text.uart_read:00000000 uart_read
    {standard input}:618    .text.uart_is_rx_buf_end:00000000 $t
    {standard input}:624    .text.uart_is_rx_buf_end:00000000 uart_is_rx_buf_end
    {standard input}:643    .text.uart_is_tx_buf_end:00000000 $t
    {standard input}:649    .text.uart_is_tx_buf_end:00000000 uart_is_tx_buf_end
    {standard input}:668    .text.uart_is_rx_buf_full:00000000 $t
    {standard input}:674    .text.uart_is_rx_buf_full:00000000 uart_is_rx_buf_full
    {standard input}:693    .text.uart_get_pdc_base:00000000 $t
    {standard input}:699    .text.uart_get_pdc_base:00000000 uart_get_pdc_base
    {standard input}:725    .text.uart_get_pdc_base:00000010 $d
    {standard input}:734    .bss.cpu_irq_prev_interrupt_state:00000000 cpu_irq_prev_interrupt_state
    {standard input}:735    .bss.cpu_irq_prev_interrupt_state:00000000 $d
    {standard input}:737    .bss.cpu_irq_critical_section_counter:00000000 $d
    {standard input}:740    .bss.cpu_irq_critical_section_counter:00000000 cpu_irq_critical_section_counter
                           .group:00000000 wm4.0.2b10ec159abbf65f4ef33f6bb625bef4
                           .group:00000000 wm4.stddef.h.39.38eb7ec030421799c657b13be5aa21c7
                           .group:00000000 wm4.parts.h.38.09ccce703cc30b12360b0e797fac8cb6
                           .group:00000000 wm4.tpaste.h.38.f9caafafc33cddaf7097f68661fce374
                           .group:00000000 wm4.stringz.h.38.451b1c9629f877d07c6b3529fe5b37b2
                           .group:00000000 wm4.mrepeat.h.52.224450943b2762ae34ad2cae2fa96ad2
                           .group:00000000 wm4.stdint.h.29.6d480f4ba0f60596e88234283d42444f
                           .group:00000000 wm4.sam4s2b.h.221.db99b1f5dbb5d4301dbbbaff13b63e70
                           .group:00000000 wm4.core_cm4.h.43.9593ac0dcec24a3a6f1d638d754e90b2
                           .group:00000000 wm4.core_cmInstr.h.39.53f0cdf363d7ba01993152fdcb6be5d3
                           .group:00000000 wm4.core_cmSimd.h.43.c355993beb49ccd10586af5b1cfe5aee
                           .group:00000000 wm4.core_cm4.h.201.504dd1a6bdf57a6296d26f255ae618b9
                           .group:00000000 wm4.component_acc.h.36.308f7d4c1685c8ebd00910c37bbeab26
                           .group:00000000 wm4.component_adc.h.36.b8477219496e42be1d01ccb1b6f6b02b
                           .group:00000000 wm4.component_chipid.h.36.cb4a4222aca9bee8d01f4aa49afe4d6d
                           .group:00000000 wm4.component_crccu.h.36.1d71ce61706000275b271d03beaec6d2
                           .group:00000000 wm4.component_dacc.h.36.0b87b1e719912b5885bdf9531e0e43d6
                           .group:00000000 wm4.component_efc.h.36.a6b4458c43d27669aaa6147006e1eb74
                           .group:00000000 wm4.component_gpbr.h.36.595122ea9c79505c4e73c9e7421802a8
                           .group:00000000 wm4.component_hsmci.h.36.ccf6dd1a128877835aec3d40c12745dd
                           .group:00000000 wm4.component_matrix.h.36.8f1d7aeed86a08ab4d936e5a0f026440
                           .group:00000000 wm4.component_pdc.h.36.363e6546b41ce8a14a922d18930df184
                           .group:00000000 wm4.component_pio.h.36.f033c3341fbeea7d2a04545c9a72bd24
                           .group:00000000 wm4.component_pmc.h.36.2771b76afbda6351cb4cf4c6708887d5
                           .group:00000000 wm4.component_pwm.h.36.0cd735c74e99ef7d330cb87d1f16c213
                           .group:00000000 wm4.component_rstc.h.36.1af4b8140176d86bc0af5b861fd3a623
                           .group:00000000 wm4.component_rtc.h.36.c865407d28492a40a128dee548893efe
                           .group:00000000 wm4.component_rtt.h.36.46adad6456893b38ef49ae9a2d0afea1
                           .group:00000000 wm4.component_spi.h.36.a18850bcdd90fcb2d130155fa94829ea
                           .group:00000000 wm4.component_ssc.h.36.6ffc46b5a0a9219bd5c90b3f63510b0f
                           .group:00000000 wm4.component_supc.h.36.0db4554695c6e864e5338e4faca84d88
                           .group:00000000 wm4.component_tc.h.36.af47419b07ade32b2d1423414983d2f7
                           .group:00000000 wm4.component_twi.h.36.3496bc3884f63f906fd446649da75de1
                           .group:00000000 wm4.component_uart.h.36.74e9355d463b56860c56764a9be37213
                           .group:00000000 wm4.component_udp.h.36.8cb9530d4bf5319aabe6158f5e738b3d
                           .group:00000000 wm4.component_usart.h.36.5e91c114006f7b551a45955ae29cb6cf
                           .group:00000000 wm4.component_wdt.h.36.277adc27b017beabbb9f7b11b0fa46f2
                           .group:00000000 wm4.instance_hsmci.h.36.9855cb84ff287cffb479099857800873
                           .group:00000000 wm4.instance_ssc.h.36.630afe78e802d5fc05c6224c23890fe1
                           .group:00000000 wm4.instance_spi.h.36.325bf539a06b58ad3327698a7ef68d81
                           .group:00000000 wm4.instance_tc0.h.36.fbfa021f96aebd3d46fa1937156b0b0a
                           .group:00000000 wm4.instance_twi0.h.36.13a0f0822f7bd9074e9b846b04ed10b9
                           .group:00000000 wm4.instance_twi1.h.36.6c6b55c3fab76b3818eb5314bf7bc410
                           .group:00000000 wm4.instance_pwm.h.36.1b555f9fd14d69df968818a3882b2cde
                           .group:00000000 wm4.instance_usart0.h.36.3b6138f7be7c01038525724f6c5d6c1e
                           .group:00000000 wm4.instance_usart1.h.36.137c36ec170c7ca2c1f8e046f5d0e0c9
                           .group:00000000 wm4.instance_udp.h.36.b94eabb27893117a74b4d6faebd80bc6
                           .group:00000000 wm4.instance_adc.h.36.84184448551cb0a3c52160d178904d14
                           .group:00000000 wm4.instance_dacc.h.36.28a68c12285ab1a6b24d06876c4b8807
                           .group:00000000 wm4.instance_acc.h.36.71d96a8f2214f8a9d18eec4d2d93f130
                           .group:00000000 wm4.instance_crccu.h.36.549cca511b407ab33982b56bae0c25ac
                           .group:00000000 wm4.instance_matrix.h.36.da03b47f7e819cfcead8ef1cd71b60ce
                           .group:00000000 wm4.instance_pmc.h.36.002f4765e9f18dc4b183b779163ab06e
                           .group:00000000 wm4.instance_uart0.h.36.fa62b2ed6ce17806cd77556aa65a73f5
                           .group:00000000 wm4.instance_chipid.h.36.6f5f676d52e3e21dba5d88a4bb87d922
                           .group:00000000 wm4.instance_uart1.h.36.bc11f9c4189a4ac15cce81cf9f40fcf9
                           .group:00000000 wm4.instance_efc0.h.36.67a3a70e962ac1d6ef8fcee0e9fd4a9b
                           .group:00000000 wm4.instance_pioa.h.36.27d92aa6d00d8b6a2b34acdeee1aa60a
                           .group:00000000 wm4.instance_piob.h.36.b0f95d3fb66ff01bcd91fb6a4cb54dc3
                           .group:00000000 wm4.instance_rstc.h.36.f8bcddbd3310cbb6a39c155e9e6b3cfb
                           .group:00000000 wm4.instance_supc.h.36.17878f57a77a9d368090917738ff3e02
                           .group:00000000 wm4.instance_rtt.h.36.8759ab7e2580c101b6db702769407cb0
                           .group:00000000 wm4.instance_wdt.h.36.ab83587b138c65dcd29a29119835b92a
                           .group:00000000 wm4.instance_rtc.h.36.52aa67a6a7c945bf00db9fb9d057e3e0
                           .group:00000000 wm4.instance_gpbr.h.36.b2cfd4dee03ed0c28ecb9eb233d2ac42
                           .group:00000000 wm4.sam4s2b.h.313.04ed20c80f538f8fadb9388a8469283e
                           .group:00000000 wm4.pio_sam4s2b.h.36.e1b33fead6a6e1ee98b2f4cba4bb11b4
                           .group:00000000 wm4.sam4s2b.h.450.98a9c8ea67d90470c8554ffe87c8398a
                           .group:00000000 wm4._newlib_version.h.4.0eb654b64686e2bd29646258853f6c22
                           .group:00000000 wm4.newlib.h.27.07bf1b8b16da454ae07478107717878b
                           .group:00000000 wm4.ieeefp.h.77.b6f5ce903562917fbd9193ee87d4fa47
                           .group:00000000 wm4.features.h.22.03467e2205ec9ffbc20524d97cdbdf6a
                           .group:00000000 wm4.config.h.224.10ee1ad185d877c6e334e6581faab44d
                           .group:00000000 wm4._ansi.h.31.de524f58584151836e90d8620a16f8e8
                           .group:00000000 wm4.stdio.h.31.7c0e28c411445f3f9c5b11accf882760
                           .group:00000000 wm4._default_types.h.6.959254cf5f09734ea7516c89e8bb21bd
                           .group:00000000 wm4.stddef.h.158.eec8bf00b5213f43d095cb984c5f22e3
                           .group:00000000 wm4.cdefs.h.49.bafb023044e47a1dcdd854e4d6521f7d
                           .group:00000000 wm4.stdarg.h.34.3a23a216c0c293b3d2ea2e89281481e6
                           .group:00000000 wm4._types.h.20.dd0d04dca3800a0d2a6129b87f3adbb2
                           .group:00000000 wm4.stddef.h.158.6f8e08a347b1cff664332fa350bfceb3
                           .group:00000000 wm4._types.h.127.3bdfe3ff8ea2d0985b03d9cbe93480e3
                           .group:00000000 wm4.reent.h.18.25503cdc8b7e55dd0d6ea7b3e5af7a03
                           .group:00000000 wm4.lock.h.2.c0958401bd0ce484d507ee19aacab817
                           .group:00000000 wm4.reent.h.78.6b87466b04591b1f1cb88c14fdf2ba9e
                           .group:00000000 wm4.stdio.h.67.0cf8a9c281ab0b348aef5c02e7e48825
                           .group:00000000 wm4.stdio.h.2.4aa87247282eca6c8f36f9de33d8df1a
                           .group:00000000 wm4.stdio.h.87.a1e20d2651f9bfb66e51bfbe849db00a
                           .group:00000000 wm4.stdbool.h.29.c08aa3eec75cf5b9b5003883f43253f0
                           .group:00000000 wm4.stdlib.h.13.4ed386f5c1a80d71e72172885d946ef2
                           .group:00000000 wm4.alloca.h.8.dfc0c703c47ec3e69746825b17d9e66d
                           .group:00000000 wm4.stdlib.h.56.f4862cfbf4363a1db01842d5bdf72c18
                           .group:00000000 wm4.compiler.h.81.f75af8228a71cd19fa09df23f58333e2
                           .group:00000000 wm4.interrupt_sam_nvic.h.77.5650b866702c5f625c80d648ec551823
                           .group:00000000 wm4.compiler.h.420.b563cf39b91298e26f28e0fd38c47072
                           .group:00000000 wm4.uart.h.51.1990b5699ac49b40fc65ef377d2247a6

NO UNDEFINED SYMBOLS
